Running: C:\Xilinx\14.5\ISE_DS\ISE\bin\nt64\unwrapped\fuse.exe -intstyle ise -incremental -o C:/Users/Samuel/Desktop/Practicas_FPGa_nexys2/ADC/ADC_tb_isim_beh.exe -prj C:/Users/Samuel/Desktop/Practicas_FPGa_nexys2/ADC/ADC_tb_beh.prj work.ADC_tb 
ISim P.58f (signature 0x7708f090)
Number of CPUs detected in this system: 4
Turning on mult-threading, number of parallel sub-compilation jobs: 8 
Determining compilation order of HDL files
Parsing VHDL file "C:/Users/Samuel/Desktop/Practicas_FPGa_nexys2/ADC/ADC.vhd" into library work
Parsing VHDL file "C:/Users/Samuel/Desktop/Practicas_FPGa_nexys2/ADC/ADC_tb.vhd" into library work
Starting static elaboration
Completed static elaboration
Compiling package standard
Compiling package std_logic_1164
Compiling package std_logic_arith
Compiling package std_logic_unsigned
Compiling architecture adc_arq of entity ADC [adc_default]
Compiling architecture behavior of entity adc_tb
Time Resolution for simulation is 1ps.
Compiled 7 VHDL Units
Built simulation executable C:/Users/Samuel/Desktop/Practicas_FPGa_nexys2/ADC/ADC_tb_isim_beh.exe
Fuse Memory Usage: 33608 KB
Fuse CPU Usage: 779 ms
