--------------------------------------------------------------------------------
Release 14.5 Trace  (nt64)
Copyright (c) 1995-2012 Xilinx, Inc.  All rights reserved.

C:\Xilinx\14.5\ISE_DS\ISE\bin\nt64\unwrapped\trce.exe -intstyle ise -v 3 -s 5
-n 3 -fastpaths -xml sumador.twx sumador.ncd -o sumador.twr sumador.pcf

Design file:              sumador.ncd
Physical constraint file: sumador.pcf
Device,package,speed:     xc3s1200e,fg320,-5 (PRODUCTION 1.27 2013-03-26)
Report level:             verbose report

Environment Variable      Effect 
--------------------      ------ 
NONE                      No environment variables were set
--------------------------------------------------------------------------------

INFO:Timing:2698 - No timing constraints found, doing default enumeration.
INFO:Timing:3412 - To improve timing, see the Timing Closure User Guide (UG612).
INFO:Timing:2752 - To get complete path coverage, use the unconstrained paths 
   option. All paths that are not constrained will be reported in the 
   unconstrained paths section(s) of the report.
INFO:Timing:3339 - The clock-to-out numbers in this timing report are based on 
   a 50 Ohm transmission line loading model.  For the details of this model, 
   and for more information on accounting for different loading conditions, 
   please see the device datasheet.
INFO:Timing:3390 - This architecture does not support a default System Jitter 
   value, please add SYSTEM_JITTER constraint to the UCF to modify the Clock 
   Uncertainty calculation.
INFO:Timing:3389 - This architecture does not support 'Discrete Jitter' and 
   'Phase Error' calculations, these terms will be zero in the Clock 
   Uncertainty calculation.  Please make appropriate modification to 
   SYSTEM_JITTER to account for the unsupported Discrete Jitter and Phase 
   Error.



Data Sheet report:
-----------------
All values displayed in nanoseconds (ns)

Pad to Pad
---------------+---------------+---------+
Source Pad     |Destination Pad|  Delay  |
---------------+---------------+---------+
a<0>           |cout           |   10.002|
a<0>           |s<0>           |    9.721|
a<0>           |s<1>           |    9.803|
a<0>           |s<2>           |   10.233|
a<0>           |s<3>           |   10.380|
a<0>           |s<4>           |   10.014|
a<0>           |s<5>           |   10.017|
a<0>           |s<6>           |    9.994|
a<0>           |s<7>           |   10.131|
a<0>           |s<8>           |    9.901|
a<0>           |s<9>           |   10.425|
a<0>           |s<10>          |   10.210|
a<0>           |s<11>          |   10.528|
a<0>           |s<12>          |    9.999|
a<0>           |s<13>          |   10.315|
a<0>           |s<14>          |    9.871|
a<0>           |s<15>          |   10.424|
a<0>           |s<16>          |   10.271|
a<0>           |s<17>          |   10.376|
a<0>           |s<18>          |    9.842|
a<0>           |s<19>          |   10.020|
a<0>           |s<20>          |   10.512|
a<0>           |s<21>          |   10.578|
a<0>           |s<22>          |   10.327|
a<0>           |s<23>          |   10.605|
a<0>           |s<24>          |   10.286|
a<0>           |s<25>          |   10.451|
a<0>           |s<26>          |    9.854|
a<0>           |s<27>          |   10.442|
a<0>           |s<28>          |    9.682|
a<0>           |s<29>          |   10.060|
a<0>           |s<30>          |    9.813|
a<0>           |s<31>          |    9.926|
a<1>           |cout           |   10.134|
a<1>           |s<1>           |    9.718|
a<1>           |s<2>           |   10.365|
a<1>           |s<3>           |   10.512|
a<1>           |s<4>           |   10.146|
a<1>           |s<5>           |   10.149|
a<1>           |s<6>           |   10.126|
a<1>           |s<7>           |   10.263|
a<1>           |s<8>           |   10.033|
a<1>           |s<9>           |   10.557|
a<1>           |s<10>          |   10.342|
a<1>           |s<11>          |   10.660|
a<1>           |s<12>          |   10.131|
a<1>           |s<13>          |   10.447|
a<1>           |s<14>          |   10.003|
a<1>           |s<15>          |   10.556|
a<1>           |s<16>          |   10.403|
a<1>           |s<17>          |   10.508|
a<1>           |s<18>          |    9.974|
a<1>           |s<19>          |   10.152|
a<1>           |s<20>          |   10.644|
a<1>           |s<21>          |   10.710|
a<1>           |s<22>          |   10.459|
a<1>           |s<23>          |   10.737|
a<1>           |s<24>          |   10.418|
a<1>           |s<25>          |   10.583|
a<1>           |s<26>          |    9.986|
a<1>           |s<27>          |   10.574|
a<1>           |s<28>          |    9.814|
a<1>           |s<29>          |   10.192|
a<1>           |s<30>          |    9.945|
a<1>           |s<31>          |   10.058|
a<2>           |cout           |   10.177|
a<2>           |s<2>           |   10.020|
a<2>           |s<3>           |   10.318|
a<2>           |s<4>           |   10.189|
a<2>           |s<5>           |   10.192|
a<2>           |s<6>           |   10.169|
a<2>           |s<7>           |   10.306|
a<2>           |s<8>           |   10.076|
a<2>           |s<9>           |   10.600|
a<2>           |s<10>          |   10.385|
a<2>           |s<11>          |   10.703|
a<2>           |s<12>          |   10.174|
a<2>           |s<13>          |   10.490|
a<2>           |s<14>          |   10.046|
a<2>           |s<15>          |   10.599|
a<2>           |s<16>          |   10.446|
a<2>           |s<17>          |   10.551|
a<2>           |s<18>          |   10.017|
a<2>           |s<19>          |   10.195|
a<2>           |s<20>          |   10.687|
a<2>           |s<21>          |   10.753|
a<2>           |s<22>          |   10.502|
a<2>           |s<23>          |   10.780|
a<2>           |s<24>          |   10.461|
a<2>           |s<25>          |   10.626|
a<2>           |s<26>          |   10.029|
a<2>           |s<27>          |   10.617|
a<2>           |s<28>          |    9.857|
a<2>           |s<29>          |   10.235|
a<2>           |s<30>          |    9.988|
a<2>           |s<31>          |   10.101|
a<3>           |cout           |    9.614|
a<3>           |s<3>           |    9.538|
a<3>           |s<4>           |    9.626|
a<3>           |s<5>           |    9.629|
a<3>           |s<6>           |    9.606|
a<3>           |s<7>           |    9.743|
a<3>           |s<8>           |    9.513|
a<3>           |s<9>           |   10.037|
a<3>           |s<10>          |    9.822|
a<3>           |s<11>          |   10.140|
a<3>           |s<12>          |    9.611|
a<3>           |s<13>          |    9.927|
a<3>           |s<14>          |    9.483|
a<3>           |s<15>          |   10.036|
a<3>           |s<16>          |    9.883|
a<3>           |s<17>          |    9.988|
a<3>           |s<18>          |    9.454|
a<3>           |s<19>          |    9.632|
a<3>           |s<20>          |   10.124|
a<3>           |s<21>          |   10.190|
a<3>           |s<22>          |    9.939|
a<3>           |s<23>          |   10.217|
a<3>           |s<24>          |    9.898|
a<3>           |s<25>          |   10.063|
a<3>           |s<26>          |    9.466|
a<3>           |s<27>          |   10.054|
a<3>           |s<28>          |    9.294|
a<3>           |s<29>          |    9.672|
a<3>           |s<30>          |    9.425|
a<3>           |s<31>          |    9.538|
a<4>           |cout           |    9.578|
a<4>           |s<4>           |    9.202|
a<4>           |s<5>           |    9.356|
a<4>           |s<6>           |    9.570|
a<4>           |s<7>           |    9.707|
a<4>           |s<8>           |    9.477|
a<4>           |s<9>           |   10.001|
a<4>           |s<10>          |    9.786|
a<4>           |s<11>          |   10.104|
a<4>           |s<12>          |    9.575|
a<4>           |s<13>          |    9.891|
a<4>           |s<14>          |    9.447|
a<4>           |s<15>          |   10.000|
a<4>           |s<16>          |    9.847|
a<4>           |s<17>          |    9.952|
a<4>           |s<18>          |    9.418|
a<4>           |s<19>          |    9.596|
a<4>           |s<20>          |   10.088|
a<4>           |s<21>          |   10.154|
a<4>           |s<22>          |    9.903|
a<4>           |s<23>          |   10.181|
a<4>           |s<24>          |    9.862|
a<4>           |s<25>          |   10.027|
a<4>           |s<26>          |    9.430|
a<4>           |s<27>          |   10.018|
a<4>           |s<28>          |    9.258|
a<4>           |s<29>          |    9.636|
a<4>           |s<30>          |    9.389|
a<4>           |s<31>          |    9.502|
a<5>           |cout           |    8.692|
a<5>           |s<5>           |    8.253|
a<5>           |s<6>           |    8.684|
a<5>           |s<7>           |    8.821|
a<5>           |s<8>           |    8.591|
a<5>           |s<9>           |    9.115|
a<5>           |s<10>          |    8.900|
a<5>           |s<11>          |    9.218|
a<5>           |s<12>          |    8.689|
a<5>           |s<13>          |    9.005|
a<5>           |s<14>          |    8.561|
a<5>           |s<15>          |    9.114|
a<5>           |s<16>          |    8.961|
a<5>           |s<17>          |    9.066|
a<5>           |s<18>          |    8.532|
a<5>           |s<19>          |    8.710|
a<5>           |s<20>          |    9.202|
a<5>           |s<21>          |    9.268|
a<5>           |s<22>          |    9.017|
a<5>           |s<23>          |    9.295|
a<5>           |s<24>          |    8.976|
a<5>           |s<25>          |    9.141|
a<5>           |s<26>          |    8.544|
a<5>           |s<27>          |    9.132|
a<5>           |s<28>          |    8.372|
a<5>           |s<29>          |    8.750|
a<5>           |s<30>          |    8.503|
a<5>           |s<31>          |    8.616|
a<6>           |cout           |    8.746|
a<6>           |s<6>           |    8.350|
a<6>           |s<7>           |    8.638|
a<6>           |s<8>           |    8.645|
a<6>           |s<9>           |    9.169|
a<6>           |s<10>          |    8.954|
a<6>           |s<11>          |    9.272|
a<6>           |s<12>          |    8.743|
a<6>           |s<13>          |    9.059|
a<6>           |s<14>          |    8.615|
a<6>           |s<15>          |    9.168|
a<6>           |s<16>          |    9.015|
a<6>           |s<17>          |    9.120|
a<6>           |s<18>          |    8.586|
a<6>           |s<19>          |    8.764|
a<6>           |s<20>          |    9.256|
a<6>           |s<21>          |    9.322|
a<6>           |s<22>          |    9.071|
a<6>           |s<23>          |    9.349|
a<6>           |s<24>          |    9.030|
a<6>           |s<25>          |    9.195|
a<6>           |s<26>          |    8.598|
a<6>           |s<27>          |    9.186|
a<6>           |s<28>          |    8.426|
a<6>           |s<29>          |    8.804|
a<6>           |s<30>          |    8.557|
a<6>           |s<31>          |    8.670|
a<7>           |cout           |    8.776|
a<7>           |s<7>           |    8.451|
a<7>           |s<8>           |    8.675|
a<7>           |s<9>           |    9.199|
a<7>           |s<10>          |    8.984|
a<7>           |s<11>          |    9.302|
a<7>           |s<12>          |    8.773|
a<7>           |s<13>          |    9.089|
a<7>           |s<14>          |    8.645|
a<7>           |s<15>          |    9.198|
a<7>           |s<16>          |    9.045|
a<7>           |s<17>          |    9.150|
a<7>           |s<18>          |    8.616|
a<7>           |s<19>          |    8.794|
a<7>           |s<20>          |    9.286|
a<7>           |s<21>          |    9.352|
a<7>           |s<22>          |    9.101|
a<7>           |s<23>          |    9.379|
a<7>           |s<24>          |    9.060|
a<7>           |s<25>          |    9.225|
a<7>           |s<26>          |    8.628|
a<7>           |s<27>          |    9.216|
a<7>           |s<28>          |    8.456|
a<7>           |s<29>          |    8.834|
a<7>           |s<30>          |    8.587|
a<7>           |s<31>          |    8.700|
a<8>           |cout           |    9.086|
a<8>           |s<8>           |    8.597|
a<8>           |s<9>           |    9.272|
a<8>           |s<10>          |    9.294|
a<8>           |s<11>          |    9.612|
a<8>           |s<12>          |    9.083|
a<8>           |s<13>          |    9.399|
a<8>           |s<14>          |    8.955|
a<8>           |s<15>          |    9.508|
a<8>           |s<16>          |    9.355|
a<8>           |s<17>          |    9.460|
a<8>           |s<18>          |    8.926|
a<8>           |s<19>          |    9.104|
a<8>           |s<20>          |    9.596|
a<8>           |s<21>          |    9.662|
a<8>           |s<22>          |    9.411|
a<8>           |s<23>          |    9.689|
a<8>           |s<24>          |    9.370|
a<8>           |s<25>          |    9.535|
a<8>           |s<26>          |    8.938|
a<8>           |s<27>          |    9.526|
a<8>           |s<28>          |    8.766|
a<8>           |s<29>          |    9.144|
a<8>           |s<30>          |    8.897|
a<8>           |s<31>          |    9.010|
a<9>           |cout           |    8.354|
a<9>           |s<9>           |    8.323|
a<9>           |s<10>          |    8.562|
a<9>           |s<11>          |    8.880|
a<9>           |s<12>          |    8.351|
a<9>           |s<13>          |    8.667|
a<9>           |s<14>          |    8.223|
a<9>           |s<15>          |    8.776|
a<9>           |s<16>          |    8.623|
a<9>           |s<17>          |    8.728|
a<9>           |s<18>          |    8.194|
a<9>           |s<19>          |    8.372|
a<9>           |s<20>          |    8.864|
a<9>           |s<21>          |    8.930|
a<9>           |s<22>          |    8.679|
a<9>           |s<23>          |    8.957|
a<9>           |s<24>          |    8.638|
a<9>           |s<25>          |    8.803|
a<9>           |s<26>          |    8.206|
a<9>           |s<27>          |    8.794|
a<9>           |s<28>          |    8.034|
a<9>           |s<29>          |    8.412|
a<9>           |s<30>          |    8.165|
a<9>           |s<31>          |    8.278|
a<10>          |cout           |    8.528|
a<10>          |s<10>          |    8.348|
a<10>          |s<11>          |    8.817|
a<10>          |s<12>          |    8.525|
a<10>          |s<13>          |    8.841|
a<10>          |s<14>          |    8.397|
a<10>          |s<15>          |    8.950|
a<10>          |s<16>          |    8.797|
a<10>          |s<17>          |    8.902|
a<10>          |s<18>          |    8.368|
a<10>          |s<19>          |    8.546|
a<10>          |s<20>          |    9.038|
a<10>          |s<21>          |    9.104|
a<10>          |s<22>          |    8.853|
a<10>          |s<23>          |    9.131|
a<10>          |s<24>          |    8.812|
a<10>          |s<25>          |    8.977|
a<10>          |s<26>          |    8.380|
a<10>          |s<27>          |    8.968|
a<10>          |s<28>          |    8.208|
a<10>          |s<29>          |    8.586|
a<10>          |s<30>          |    8.339|
a<10>          |s<31>          |    8.452|
a<11>          |cout           |    8.356|
a<11>          |s<11>          |    8.428|
a<11>          |s<12>          |    8.353|
a<11>          |s<13>          |    8.669|
a<11>          |s<14>          |    8.225|
a<11>          |s<15>          |    8.778|
a<11>          |s<16>          |    8.625|
a<11>          |s<17>          |    8.730|
a<11>          |s<18>          |    8.196|
a<11>          |s<19>          |    8.374|
a<11>          |s<20>          |    8.866|
a<11>          |s<21>          |    8.932|
a<11>          |s<22>          |    8.681|
a<11>          |s<23>          |    8.959|
a<11>          |s<24>          |    8.640|
a<11>          |s<25>          |    8.805|
a<11>          |s<26>          |    8.208|
a<11>          |s<27>          |    8.796|
a<11>          |s<28>          |    8.036|
a<11>          |s<29>          |    8.414|
a<11>          |s<30>          |    8.167|
a<11>          |s<31>          |    8.280|
a<12>          |cout           |    7.904|
a<12>          |s<12>          |    7.513|
a<12>          |s<13>          |    7.980|
a<12>          |s<14>          |    7.773|
a<12>          |s<15>          |    8.326|
a<12>          |s<16>          |    8.173|
a<12>          |s<17>          |    8.278|
a<12>          |s<18>          |    7.744|
a<12>          |s<19>          |    7.922|
a<12>          |s<20>          |    8.414|
a<12>          |s<21>          |    8.480|
a<12>          |s<22>          |    8.229|
a<12>          |s<23>          |    8.507|
a<12>          |s<24>          |    8.188|
a<12>          |s<25>          |    8.353|
a<12>          |s<26>          |    7.756|
a<12>          |s<27>          |    8.344|
a<12>          |s<28>          |    7.584|
a<12>          |s<29>          |    7.962|
a<12>          |s<30>          |    7.715|
a<12>          |s<31>          |    7.828|
a<13>          |cout           |    7.924|
a<13>          |s<13>          |    7.783|
a<13>          |s<14>          |    7.793|
a<13>          |s<15>          |    8.346|
a<13>          |s<16>          |    8.193|
a<13>          |s<17>          |    8.298|
a<13>          |s<18>          |    7.764|
a<13>          |s<19>          |    7.942|
a<13>          |s<20>          |    8.434|
a<13>          |s<21>          |    8.500|
a<13>          |s<22>          |    8.249|
a<13>          |s<23>          |    8.527|
a<13>          |s<24>          |    8.208|
a<13>          |s<25>          |    8.373|
a<13>          |s<26>          |    7.776|
a<13>          |s<27>          |    8.364|
a<13>          |s<28>          |    7.604|
a<13>          |s<29>          |    7.982|
a<13>          |s<30>          |    7.735|
a<13>          |s<31>          |    7.848|
a<14>          |cout           |    8.526|
a<14>          |s<14>          |    8.007|
a<14>          |s<15>          |    8.711|
a<14>          |s<16>          |    8.795|
a<14>          |s<17>          |    8.900|
a<14>          |s<18>          |    8.366|
a<14>          |s<19>          |    8.544|
a<14>          |s<20>          |    9.036|
a<14>          |s<21>          |    9.102|
a<14>          |s<22>          |    8.851|
a<14>          |s<23>          |    9.129|
a<14>          |s<24>          |    8.810|
a<14>          |s<25>          |    8.975|
a<14>          |s<26>          |    8.378|
a<14>          |s<27>          |    8.966|
a<14>          |s<28>          |    8.206|
a<14>          |s<29>          |    8.584|
a<14>          |s<30>          |    8.337|
a<14>          |s<31>          |    8.450|
a<15>          |cout           |    7.975|
a<15>          |s<15>          |    7.943|
a<15>          |s<16>          |    8.244|
a<15>          |s<17>          |    8.349|
a<15>          |s<18>          |    7.815|
a<15>          |s<19>          |    7.993|
a<15>          |s<20>          |    8.485|
a<15>          |s<21>          |    8.551|
a<15>          |s<22>          |    8.300|
a<15>          |s<23>          |    8.578|
a<15>          |s<24>          |    8.259|
a<15>          |s<25>          |    8.424|
a<15>          |s<26>          |    7.827|
a<15>          |s<27>          |    8.415|
a<15>          |s<28>          |    7.655|
a<15>          |s<29>          |    8.033|
a<15>          |s<30>          |    7.786|
a<15>          |s<31>          |    7.899|
a<16>          |cout           |    7.986|
a<16>          |s<16>          |    7.867|
a<16>          |s<17>          |    8.123|
a<16>          |s<18>          |    7.826|
a<16>          |s<19>          |    8.004|
a<16>          |s<20>          |    8.496|
a<16>          |s<21>          |    8.562|
a<16>          |s<22>          |    8.311|
a<16>          |s<23>          |    8.589|
a<16>          |s<24>          |    8.270|
a<16>          |s<25>          |    8.435|
a<16>          |s<26>          |    7.838|
a<16>          |s<27>          |    8.426|
a<16>          |s<28>          |    7.666|
a<16>          |s<29>          |    8.044|
a<16>          |s<30>          |    7.797|
a<16>          |s<31>          |    7.910|
a<17>          |cout           |    8.236|
a<17>          |s<17>          |    8.156|
a<17>          |s<18>          |    8.076|
a<17>          |s<19>          |    8.254|
a<17>          |s<20>          |    8.746|
a<17>          |s<21>          |    8.812|
a<17>          |s<22>          |    8.561|
a<17>          |s<23>          |    8.839|
a<17>          |s<24>          |    8.520|
a<17>          |s<25>          |    8.685|
a<17>          |s<26>          |    8.088|
a<17>          |s<27>          |    8.676|
a<17>          |s<28>          |    7.916|
a<17>          |s<29>          |    8.294|
a<17>          |s<30>          |    8.047|
a<17>          |s<31>          |    8.160|
a<18>          |cout           |    8.349|
a<18>          |s<18>          |    7.801|
a<18>          |s<19>          |    8.130|
a<18>          |s<20>          |    8.859|
a<18>          |s<21>          |    8.925|
a<18>          |s<22>          |    8.674|
a<18>          |s<23>          |    8.952|
a<18>          |s<24>          |    8.633|
a<18>          |s<25>          |    8.798|
a<18>          |s<26>          |    8.201|
a<18>          |s<27>          |    8.789|
a<18>          |s<28>          |    8.029|
a<18>          |s<29>          |    8.407|
a<18>          |s<30>          |    8.160|
a<18>          |s<31>          |    8.273|
a<19>          |cout           |    8.299|
a<19>          |s<19>          |    7.863|
a<19>          |s<20>          |    8.809|
a<19>          |s<21>          |    8.875|
a<19>          |s<22>          |    8.624|
a<19>          |s<23>          |    8.902|
a<19>          |s<24>          |    8.583|
a<19>          |s<25>          |    8.748|
a<19>          |s<26>          |    8.151|
a<19>          |s<27>          |    8.739|
a<19>          |s<28>          |    7.979|
a<19>          |s<29>          |    8.357|
a<19>          |s<30>          |    8.110|
a<19>          |s<31>          |    8.223|
a<20>          |cout           |    8.485|
a<20>          |s<20>          |    8.607|
a<20>          |s<21>          |    8.824|
a<20>          |s<22>          |    8.810|
a<20>          |s<23>          |    9.088|
a<20>          |s<24>          |    8.769|
a<20>          |s<25>          |    8.934|
a<20>          |s<26>          |    8.337|
a<20>          |s<27>          |    8.925|
a<20>          |s<28>          |    8.165|
a<20>          |s<29>          |    8.543|
a<20>          |s<30>          |    8.296|
a<20>          |s<31>          |    8.409|
a<21>          |cout           |    8.118|
a<21>          |s<21>          |    8.240|
a<21>          |s<22>          |    8.443|
a<21>          |s<23>          |    8.721|
a<21>          |s<24>          |    8.402|
a<21>          |s<25>          |    8.567|
a<21>          |s<26>          |    7.970|
a<21>          |s<27>          |    8.558|
a<21>          |s<28>          |    7.798|
a<21>          |s<29>          |    8.176|
a<21>          |s<30>          |    7.929|
a<21>          |s<31>          |    8.042|
a<22>          |cout           |    8.480|
a<22>          |s<22>          |    8.417|
a<22>          |s<23>          |    8.846|
a<22>          |s<24>          |    8.764|
a<22>          |s<25>          |    8.929|
a<22>          |s<26>          |    8.332|
a<22>          |s<27>          |    8.920|
a<22>          |s<28>          |    8.160|
a<22>          |s<29>          |    8.538|
a<22>          |s<30>          |    8.291|
a<22>          |s<31>          |    8.404|
a<23>          |cout           |    8.049|
a<23>          |s<23>          |    8.198|
a<23>          |s<24>          |    8.333|
a<23>          |s<25>          |    8.498|
a<23>          |s<26>          |    7.901|
a<23>          |s<27>          |    8.489|
a<23>          |s<28>          |    7.729|
a<23>          |s<29>          |    8.107|
a<23>          |s<30>          |    7.860|
a<23>          |s<31>          |    7.973|
a<24>          |cout           |    7.800|
a<24>          |s<24>          |    7.696|
a<24>          |s<25>          |    8.012|
a<24>          |s<26>          |    7.652|
a<24>          |s<27>          |    8.240|
a<24>          |s<28>          |    7.480|
a<24>          |s<29>          |    7.858|
a<24>          |s<30>          |    7.611|
a<24>          |s<31>          |    7.724|
a<25>          |cout           |    7.628|
a<25>          |s<25>          |    7.623|
a<25>          |s<26>          |    7.480|
a<25>          |s<27>          |    8.068|
a<25>          |s<28>          |    7.308|
a<25>          |s<29>          |    7.686|
a<25>          |s<30>          |    7.439|
a<25>          |s<31>          |    7.552|
a<26>          |cout           |    8.015|
a<26>          |s<26>          |    7.479|
a<26>          |s<27>          |    8.218|
a<26>          |s<28>          |    7.695|
a<26>          |s<29>          |    8.073|
a<26>          |s<30>          |    7.826|
a<26>          |s<31>          |    7.939|
a<27>          |cout           |    7.985|
a<27>          |s<27>          |    7.971|
a<27>          |s<28>          |    7.665|
a<27>          |s<29>          |    8.043|
a<27>          |s<30>          |    7.796|
a<27>          |s<31>          |    7.909|
a<28>          |cout           |    8.115|
a<28>          |s<28>          |    7.407|
a<28>          |s<29>          |    7.936|
a<28>          |s<30>          |    7.926|
a<28>          |s<31>          |    8.039|
a<29>          |cout           |    7.368|
a<29>          |s<29>          |    6.972|
a<29>          |s<30>          |    7.179|
a<29>          |s<31>          |    7.292|
a<30>          |cout           |    7.555|
a<30>          |s<30>          |    6.978|
a<30>          |s<31>          |    7.242|
a<31>          |cout           |    7.676|
a<31>          |s<31>          |    7.146|
b<0>           |cout           |    9.102|
b<0>           |s<0>           |    8.821|
b<0>           |s<1>           |    8.903|
b<0>           |s<2>           |    9.333|
b<0>           |s<3>           |    9.480|
b<0>           |s<4>           |    9.114|
b<0>           |s<5>           |    9.117|
b<0>           |s<6>           |    9.094|
b<0>           |s<7>           |    9.231|
b<0>           |s<8>           |    9.001|
b<0>           |s<9>           |    9.525|
b<0>           |s<10>          |    9.310|
b<0>           |s<11>          |    9.628|
b<0>           |s<12>          |    9.099|
b<0>           |s<13>          |    9.415|
b<0>           |s<14>          |    8.971|
b<0>           |s<15>          |    9.524|
b<0>           |s<16>          |    9.371|
b<0>           |s<17>          |    9.476|
b<0>           |s<18>          |    8.942|
b<0>           |s<19>          |    9.120|
b<0>           |s<20>          |    9.612|
b<0>           |s<21>          |    9.678|
b<0>           |s<22>          |    9.427|
b<0>           |s<23>          |    9.705|
b<0>           |s<24>          |    9.386|
b<0>           |s<25>          |    9.551|
b<0>           |s<26>          |    8.954|
b<0>           |s<27>          |    9.542|
b<0>           |s<28>          |    8.782|
b<0>           |s<29>          |    9.160|
b<0>           |s<30>          |    8.913|
b<0>           |s<31>          |    9.026|
b<1>           |cout           |    8.652|
b<1>           |s<1>           |    8.236|
b<1>           |s<2>           |    8.883|
b<1>           |s<3>           |    9.030|
b<1>           |s<4>           |    8.664|
b<1>           |s<5>           |    8.667|
b<1>           |s<6>           |    8.644|
b<1>           |s<7>           |    8.781|
b<1>           |s<8>           |    8.551|
b<1>           |s<9>           |    9.075|
b<1>           |s<10>          |    8.860|
b<1>           |s<11>          |    9.178|
b<1>           |s<12>          |    8.649|
b<1>           |s<13>          |    8.965|
b<1>           |s<14>          |    8.521|
b<1>           |s<15>          |    9.074|
b<1>           |s<16>          |    8.921|
b<1>           |s<17>          |    9.026|
b<1>           |s<18>          |    8.492|
b<1>           |s<19>          |    8.670|
b<1>           |s<20>          |    9.162|
b<1>           |s<21>          |    9.228|
b<1>           |s<22>          |    8.977|
b<1>           |s<23>          |    9.255|
b<1>           |s<24>          |    8.936|
b<1>           |s<25>          |    9.101|
b<1>           |s<26>          |    8.504|
b<1>           |s<27>          |    9.092|
b<1>           |s<28>          |    8.332|
b<1>           |s<29>          |    8.710|
b<1>           |s<30>          |    8.463|
b<1>           |s<31>          |    8.576|
b<2>           |cout           |    8.758|
b<2>           |s<2>           |    8.601|
b<2>           |s<3>           |    8.899|
b<2>           |s<4>           |    8.770|
b<2>           |s<5>           |    8.773|
b<2>           |s<6>           |    8.750|
b<2>           |s<7>           |    8.887|
b<2>           |s<8>           |    8.657|
b<2>           |s<9>           |    9.181|
b<2>           |s<10>          |    8.966|
b<2>           |s<11>          |    9.284|
b<2>           |s<12>          |    8.755|
b<2>           |s<13>          |    9.071|
b<2>           |s<14>          |    8.627|
b<2>           |s<15>          |    9.180|
b<2>           |s<16>          |    9.027|
b<2>           |s<17>          |    9.132|
b<2>           |s<18>          |    8.598|
b<2>           |s<19>          |    8.776|
b<2>           |s<20>          |    9.268|
b<2>           |s<21>          |    9.334|
b<2>           |s<22>          |    9.083|
b<2>           |s<23>          |    9.361|
b<2>           |s<24>          |    9.042|
b<2>           |s<25>          |    9.207|
b<2>           |s<26>          |    8.610|
b<2>           |s<27>          |    9.198|
b<2>           |s<28>          |    8.438|
b<2>           |s<29>          |    8.816|
b<2>           |s<30>          |    8.569|
b<2>           |s<31>          |    8.682|
b<3>           |cout           |    8.848|
b<3>           |s<3>           |    8.772|
b<3>           |s<4>           |    8.860|
b<3>           |s<5>           |    8.863|
b<3>           |s<6>           |    8.840|
b<3>           |s<7>           |    8.977|
b<3>           |s<8>           |    8.747|
b<3>           |s<9>           |    9.271|
b<3>           |s<10>          |    9.056|
b<3>           |s<11>          |    9.374|
b<3>           |s<12>          |    8.845|
b<3>           |s<13>          |    9.161|
b<3>           |s<14>          |    8.717|
b<3>           |s<15>          |    9.270|
b<3>           |s<16>          |    9.117|
b<3>           |s<17>          |    9.222|
b<3>           |s<18>          |    8.688|
b<3>           |s<19>          |    8.866|
b<3>           |s<20>          |    9.358|
b<3>           |s<21>          |    9.424|
b<3>           |s<22>          |    9.173|
b<3>           |s<23>          |    9.451|
b<3>           |s<24>          |    9.132|
b<3>           |s<25>          |    9.297|
b<3>           |s<26>          |    8.700|
b<3>           |s<27>          |    9.288|
b<3>           |s<28>          |    8.528|
b<3>           |s<29>          |    8.906|
b<3>           |s<30>          |    8.659|
b<3>           |s<31>          |    8.772|
b<4>           |cout           |    8.814|
b<4>           |s<4>           |    8.438|
b<4>           |s<5>           |    8.592|
b<4>           |s<6>           |    8.806|
b<4>           |s<7>           |    8.943|
b<4>           |s<8>           |    8.713|
b<4>           |s<9>           |    9.237|
b<4>           |s<10>          |    9.022|
b<4>           |s<11>          |    9.340|
b<4>           |s<12>          |    8.811|
b<4>           |s<13>          |    9.127|
b<4>           |s<14>          |    8.683|
b<4>           |s<15>          |    9.236|
b<4>           |s<16>          |    9.083|
b<4>           |s<17>          |    9.188|
b<4>           |s<18>          |    8.654|
b<4>           |s<19>          |    8.832|
b<4>           |s<20>          |    9.324|
b<4>           |s<21>          |    9.390|
b<4>           |s<22>          |    9.139|
b<4>           |s<23>          |    9.417|
b<4>           |s<24>          |    9.098|
b<4>           |s<25>          |    9.263|
b<4>           |s<26>          |    8.666|
b<4>           |s<27>          |    9.254|
b<4>           |s<28>          |    8.494|
b<4>           |s<29>          |    8.872|
b<4>           |s<30>          |    8.625|
b<4>           |s<31>          |    8.738|
b<5>           |cout           |    8.695|
b<5>           |s<5>           |    8.256|
b<5>           |s<6>           |    8.687|
b<5>           |s<7>           |    8.824|
b<5>           |s<8>           |    8.594|
b<5>           |s<9>           |    9.118|
b<5>           |s<10>          |    8.903|
b<5>           |s<11>          |    9.221|
b<5>           |s<12>          |    8.692|
b<5>           |s<13>          |    9.008|
b<5>           |s<14>          |    8.564|
b<5>           |s<15>          |    9.117|
b<5>           |s<16>          |    8.964|
b<5>           |s<17>          |    9.069|
b<5>           |s<18>          |    8.535|
b<5>           |s<19>          |    8.713|
b<5>           |s<20>          |    9.205|
b<5>           |s<21>          |    9.271|
b<5>           |s<22>          |    9.020|
b<5>           |s<23>          |    9.298|
b<5>           |s<24>          |    8.979|
b<5>           |s<25>          |    9.144|
b<5>           |s<26>          |    8.547|
b<5>           |s<27>          |    9.135|
b<5>           |s<28>          |    8.375|
b<5>           |s<29>          |    8.753|
b<5>           |s<30>          |    8.506|
b<5>           |s<31>          |    8.619|
b<6>           |cout           |    8.626|
b<6>           |s<6>           |    8.230|
b<6>           |s<7>           |    8.518|
b<6>           |s<8>           |    8.525|
b<6>           |s<9>           |    9.049|
b<6>           |s<10>          |    8.834|
b<6>           |s<11>          |    9.152|
b<6>           |s<12>          |    8.623|
b<6>           |s<13>          |    8.939|
b<6>           |s<14>          |    8.495|
b<6>           |s<15>          |    9.048|
b<6>           |s<16>          |    8.895|
b<6>           |s<17>          |    9.000|
b<6>           |s<18>          |    8.466|
b<6>           |s<19>          |    8.644|
b<6>           |s<20>          |    9.136|
b<6>           |s<21>          |    9.202|
b<6>           |s<22>          |    8.951|
b<6>           |s<23>          |    9.229|
b<6>           |s<24>          |    8.910|
b<6>           |s<25>          |    9.075|
b<6>           |s<26>          |    8.478|
b<6>           |s<27>          |    9.066|
b<6>           |s<28>          |    8.306|
b<6>           |s<29>          |    8.684|
b<6>           |s<30>          |    8.437|
b<6>           |s<31>          |    8.550|
b<7>           |cout           |    9.723|
b<7>           |s<7>           |    9.398|
b<7>           |s<8>           |    9.622|
b<7>           |s<9>           |   10.146|
b<7>           |s<10>          |    9.931|
b<7>           |s<11>          |   10.249|
b<7>           |s<12>          |    9.720|
b<7>           |s<13>          |   10.036|
b<7>           |s<14>          |    9.592|
b<7>           |s<15>          |   10.145|
b<7>           |s<16>          |    9.992|
b<7>           |s<17>          |   10.097|
b<7>           |s<18>          |    9.563|
b<7>           |s<19>          |    9.741|
b<7>           |s<20>          |   10.233|
b<7>           |s<21>          |   10.299|
b<7>           |s<22>          |   10.048|
b<7>           |s<23>          |   10.326|
b<7>           |s<24>          |   10.007|
b<7>           |s<25>          |   10.172|
b<7>           |s<26>          |    9.575|
b<7>           |s<27>          |   10.163|
b<7>           |s<28>          |    9.403|
b<7>           |s<29>          |    9.781|
b<7>           |s<30>          |    9.534|
b<7>           |s<31>          |    9.647|
b<8>           |cout           |    8.385|
b<8>           |s<8>           |    7.896|
b<8>           |s<9>           |    8.571|
b<8>           |s<10>          |    8.593|
b<8>           |s<11>          |    8.911|
b<8>           |s<12>          |    8.382|
b<8>           |s<13>          |    8.698|
b<8>           |s<14>          |    8.254|
b<8>           |s<15>          |    8.807|
b<8>           |s<16>          |    8.654|
b<8>           |s<17>          |    8.759|
b<8>           |s<18>          |    8.225|
b<8>           |s<19>          |    8.403|
b<8>           |s<20>          |    8.895|
b<8>           |s<21>          |    8.961|
b<8>           |s<22>          |    8.710|
b<8>           |s<23>          |    8.988|
b<8>           |s<24>          |    8.669|
b<8>           |s<25>          |    8.834|
b<8>           |s<26>          |    8.237|
b<8>           |s<27>          |    8.825|
b<8>           |s<28>          |    8.065|
b<8>           |s<29>          |    8.443|
b<8>           |s<30>          |    8.196|
b<8>           |s<31>          |    8.309|
b<9>           |cout           |    8.914|
b<9>           |s<9>           |    8.883|
b<9>           |s<10>          |    9.122|
b<9>           |s<11>          |    9.440|
b<9>           |s<12>          |    8.911|
b<9>           |s<13>          |    9.227|
b<9>           |s<14>          |    8.783|
b<9>           |s<15>          |    9.336|
b<9>           |s<16>          |    9.183|
b<9>           |s<17>          |    9.288|
b<9>           |s<18>          |    8.754|
b<9>           |s<19>          |    8.932|
b<9>           |s<20>          |    9.424|
b<9>           |s<21>          |    9.490|
b<9>           |s<22>          |    9.239|
b<9>           |s<23>          |    9.517|
b<9>           |s<24>          |    9.198|
b<9>           |s<25>          |    9.363|
b<9>           |s<26>          |    8.766|
b<9>           |s<27>          |    9.354|
b<9>           |s<28>          |    8.594|
b<9>           |s<29>          |    8.972|
b<9>           |s<30>          |    8.725|
b<9>           |s<31>          |    8.838|
b<10>          |cout           |    8.647|
b<10>          |s<10>          |    8.467|
b<10>          |s<11>          |    8.936|
b<10>          |s<12>          |    8.644|
b<10>          |s<13>          |    8.960|
b<10>          |s<14>          |    8.516|
b<10>          |s<15>          |    9.069|
b<10>          |s<16>          |    8.916|
b<10>          |s<17>          |    9.021|
b<10>          |s<18>          |    8.487|
b<10>          |s<19>          |    8.665|
b<10>          |s<20>          |    9.157|
b<10>          |s<21>          |    9.223|
b<10>          |s<22>          |    8.972|
b<10>          |s<23>          |    9.250|
b<10>          |s<24>          |    8.931|
b<10>          |s<25>          |    9.096|
b<10>          |s<26>          |    8.499|
b<10>          |s<27>          |    9.087|
b<10>          |s<28>          |    8.327|
b<10>          |s<29>          |    8.705|
b<10>          |s<30>          |    8.458|
b<10>          |s<31>          |    8.571|
b<11>          |cout           |    8.690|
b<11>          |s<11>          |    8.762|
b<11>          |s<12>          |    8.687|
b<11>          |s<13>          |    9.003|
b<11>          |s<14>          |    8.559|
b<11>          |s<15>          |    9.112|
b<11>          |s<16>          |    8.959|
b<11>          |s<17>          |    9.064|
b<11>          |s<18>          |    8.530|
b<11>          |s<19>          |    8.708|
b<11>          |s<20>          |    9.200|
b<11>          |s<21>          |    9.266|
b<11>          |s<22>          |    9.015|
b<11>          |s<23>          |    9.293|
b<11>          |s<24>          |    8.974|
b<11>          |s<25>          |    9.139|
b<11>          |s<26>          |    8.542|
b<11>          |s<27>          |    9.130|
b<11>          |s<28>          |    8.370|
b<11>          |s<29>          |    8.748|
b<11>          |s<30>          |    8.501|
b<11>          |s<31>          |    8.614|
b<12>          |cout           |    8.775|
b<12>          |s<12>          |    8.384|
b<12>          |s<13>          |    8.851|
b<12>          |s<14>          |    8.644|
b<12>          |s<15>          |    9.197|
b<12>          |s<16>          |    9.044|
b<12>          |s<17>          |    9.149|
b<12>          |s<18>          |    8.615|
b<12>          |s<19>          |    8.793|
b<12>          |s<20>          |    9.285|
b<12>          |s<21>          |    9.351|
b<12>          |s<22>          |    9.100|
b<12>          |s<23>          |    9.378|
b<12>          |s<24>          |    9.059|
b<12>          |s<25>          |    9.224|
b<12>          |s<26>          |    8.627|
b<12>          |s<27>          |    9.215|
b<12>          |s<28>          |    8.455|
b<12>          |s<29>          |    8.833|
b<12>          |s<30>          |    8.586|
b<12>          |s<31>          |    8.699|
b<13>          |cout           |    8.793|
b<13>          |s<13>          |    8.652|
b<13>          |s<14>          |    8.662|
b<13>          |s<15>          |    9.215|
b<13>          |s<16>          |    9.062|
b<13>          |s<17>          |    9.167|
b<13>          |s<18>          |    8.633|
b<13>          |s<19>          |    8.811|
b<13>          |s<20>          |    9.303|
b<13>          |s<21>          |    9.369|
b<13>          |s<22>          |    9.118|
b<13>          |s<23>          |    9.396|
b<13>          |s<24>          |    9.077|
b<13>          |s<25>          |    9.242|
b<13>          |s<26>          |    8.645|
b<13>          |s<27>          |    9.233|
b<13>          |s<28>          |    8.473|
b<13>          |s<29>          |    8.851|
b<13>          |s<30>          |    8.604|
b<13>          |s<31>          |    8.717|
b<14>          |cout           |    9.304|
b<14>          |s<14>          |    8.785|
b<14>          |s<15>          |    9.489|
b<14>          |s<16>          |    9.573|
b<14>          |s<17>          |    9.678|
b<14>          |s<18>          |    9.144|
b<14>          |s<19>          |    9.322|
b<14>          |s<20>          |    9.814|
b<14>          |s<21>          |    9.880|
b<14>          |s<22>          |    9.629|
b<14>          |s<23>          |    9.907|
b<14>          |s<24>          |    9.588|
b<14>          |s<25>          |    9.753|
b<14>          |s<26>          |    9.156|
b<14>          |s<27>          |    9.744|
b<14>          |s<28>          |    8.984|
b<14>          |s<29>          |    9.362|
b<14>          |s<30>          |    9.115|
b<14>          |s<31>          |    9.228|
b<15>          |cout           |    8.535|
b<15>          |s<15>          |    8.503|
b<15>          |s<16>          |    8.804|
b<15>          |s<17>          |    8.909|
b<15>          |s<18>          |    8.375|
b<15>          |s<19>          |    8.553|
b<15>          |s<20>          |    9.045|
b<15>          |s<21>          |    9.111|
b<15>          |s<22>          |    8.860|
b<15>          |s<23>          |    9.138|
b<15>          |s<24>          |    8.819|
b<15>          |s<25>          |    8.984|
b<15>          |s<26>          |    8.387|
b<15>          |s<27>          |    8.975|
b<15>          |s<28>          |    8.215|
b<15>          |s<29>          |    8.593|
b<15>          |s<30>          |    8.346|
b<15>          |s<31>          |    8.459|
b<16>          |cout           |    8.876|
b<16>          |s<16>          |    8.757|
b<16>          |s<17>          |    9.013|
b<16>          |s<18>          |    8.716|
b<16>          |s<19>          |    8.894|
b<16>          |s<20>          |    9.386|
b<16>          |s<21>          |    9.452|
b<16>          |s<22>          |    9.201|
b<16>          |s<23>          |    9.479|
b<16>          |s<24>          |    9.160|
b<16>          |s<25>          |    9.325|
b<16>          |s<26>          |    8.728|
b<16>          |s<27>          |    9.316|
b<16>          |s<28>          |    8.556|
b<16>          |s<29>          |    8.934|
b<16>          |s<30>          |    8.687|
b<16>          |s<31>          |    8.800|
b<17>          |cout           |    8.643|
b<17>          |s<17>          |    8.563|
b<17>          |s<18>          |    8.483|
b<17>          |s<19>          |    8.661|
b<17>          |s<20>          |    9.153|
b<17>          |s<21>          |    9.219|
b<17>          |s<22>          |    8.968|
b<17>          |s<23>          |    9.246|
b<17>          |s<24>          |    8.927|
b<17>          |s<25>          |    9.092|
b<17>          |s<26>          |    8.495|
b<17>          |s<27>          |    9.083|
b<17>          |s<28>          |    8.323|
b<17>          |s<29>          |    8.701|
b<17>          |s<30>          |    8.454|
b<17>          |s<31>          |    8.567|
b<18>          |cout           |    8.899|
b<18>          |s<18>          |    8.351|
b<18>          |s<19>          |    8.680|
b<18>          |s<20>          |    9.409|
b<18>          |s<21>          |    9.475|
b<18>          |s<22>          |    9.224|
b<18>          |s<23>          |    9.502|
b<18>          |s<24>          |    9.183|
b<18>          |s<25>          |    9.348|
b<18>          |s<26>          |    8.751|
b<18>          |s<27>          |    9.339|
b<18>          |s<28>          |    8.579|
b<18>          |s<29>          |    8.957|
b<18>          |s<30>          |    8.710|
b<18>          |s<31>          |    8.823|
b<19>          |cout           |    8.655|
b<19>          |s<19>          |    8.219|
b<19>          |s<20>          |    9.165|
b<19>          |s<21>          |    9.231|
b<19>          |s<22>          |    8.980|
b<19>          |s<23>          |    9.258|
b<19>          |s<24>          |    8.939|
b<19>          |s<25>          |    9.104|
b<19>          |s<26>          |    8.507|
b<19>          |s<27>          |    9.095|
b<19>          |s<28>          |    8.335|
b<19>          |s<29>          |    8.713|
b<19>          |s<30>          |    8.466|
b<19>          |s<31>          |    8.579|
b<20>          |cout           |    8.720|
b<20>          |s<20>          |    8.842|
b<20>          |s<21>          |    9.059|
b<20>          |s<22>          |    9.045|
b<20>          |s<23>          |    9.323|
b<20>          |s<24>          |    9.004|
b<20>          |s<25>          |    9.169|
b<20>          |s<26>          |    8.572|
b<20>          |s<27>          |    9.160|
b<20>          |s<28>          |    8.400|
b<20>          |s<29>          |    8.778|
b<20>          |s<30>          |    8.531|
b<20>          |s<31>          |    8.644|
b<21>          |cout           |    8.754|
b<21>          |s<21>          |    8.876|
b<21>          |s<22>          |    9.079|
b<21>          |s<23>          |    9.357|
b<21>          |s<24>          |    9.038|
b<21>          |s<25>          |    9.203|
b<21>          |s<26>          |    8.606|
b<21>          |s<27>          |    9.194|
b<21>          |s<28>          |    8.434|
b<21>          |s<29>          |    8.812|
b<21>          |s<30>          |    8.565|
b<21>          |s<31>          |    8.678|
b<22>          |cout           |    8.771|
b<22>          |s<22>          |    8.708|
b<22>          |s<23>          |    9.137|
b<22>          |s<24>          |    9.055|
b<22>          |s<25>          |    9.220|
b<22>          |s<26>          |    8.623|
b<22>          |s<27>          |    9.211|
b<22>          |s<28>          |    8.451|
b<22>          |s<29>          |    8.829|
b<22>          |s<30>          |    8.582|
b<22>          |s<31>          |    8.695|
b<23>          |cout           |    8.695|
b<23>          |s<23>          |    8.844|
b<23>          |s<24>          |    8.979|
b<23>          |s<25>          |    9.144|
b<23>          |s<26>          |    8.547|
b<23>          |s<27>          |    9.135|
b<23>          |s<28>          |    8.375|
b<23>          |s<29>          |    8.753|
b<23>          |s<30>          |    8.506|
b<23>          |s<31>          |    8.619|
b<24>          |cout           |    9.082|
b<24>          |s<24>          |    8.978|
b<24>          |s<25>          |    9.294|
b<24>          |s<26>          |    8.934|
b<24>          |s<27>          |    9.522|
b<24>          |s<28>          |    8.762|
b<24>          |s<29>          |    9.140|
b<24>          |s<30>          |    8.893|
b<24>          |s<31>          |    9.006|
b<25>          |cout           |    9.031|
b<25>          |s<25>          |    9.026|
b<25>          |s<26>          |    8.883|
b<25>          |s<27>          |    9.471|
b<25>          |s<28>          |    8.711|
b<25>          |s<29>          |    9.089|
b<25>          |s<30>          |    8.842|
b<25>          |s<31>          |    8.955|
b<26>          |cout           |    8.908|
b<26>          |s<26>          |    8.372|
b<26>          |s<27>          |    9.111|
b<26>          |s<28>          |    8.588|
b<26>          |s<29>          |    8.966|
b<26>          |s<30>          |    8.719|
b<26>          |s<31>          |    8.832|
b<27>          |cout           |    8.907|
b<27>          |s<27>          |    8.893|
b<27>          |s<28>          |    8.587|
b<27>          |s<29>          |    8.965|
b<27>          |s<30>          |    8.718|
b<27>          |s<31>          |    8.831|
b<28>          |cout           |    8.908|
b<28>          |s<28>          |    8.200|
b<28>          |s<29>          |    8.729|
b<28>          |s<30>          |    8.719|
b<28>          |s<31>          |    8.832|
b<29>          |cout           |    8.447|
b<29>          |s<29>          |    8.051|
b<29>          |s<30>          |    8.258|
b<29>          |s<31>          |    8.371|
b<30>          |cout           |    8.838|
b<30>          |s<30>          |    8.261|
b<30>          |s<31>          |    8.525|
b<31>          |cout           |    8.890|
b<31>          |s<31>          |    8.360|
cin            |cout           |   10.270|
cin            |s<0>           |   10.440|
cin            |s<1>           |   10.371|
cin            |s<2>           |   10.501|
cin            |s<3>           |   10.648|
cin            |s<4>           |   10.282|
cin            |s<5>           |   10.285|
cin            |s<6>           |   10.262|
cin            |s<7>           |   10.399|
cin            |s<8>           |   10.169|
cin            |s<9>           |   10.693|
cin            |s<10>          |   10.478|
cin            |s<11>          |   10.796|
cin            |s<12>          |   10.267|
cin            |s<13>          |   10.583|
cin            |s<14>          |   10.139|
cin            |s<15>          |   10.692|
cin            |s<16>          |   10.539|
cin            |s<17>          |   10.644|
cin            |s<18>          |   10.110|
cin            |s<19>          |   10.288|
cin            |s<20>          |   10.780|
cin            |s<21>          |   10.846|
cin            |s<22>          |   10.595|
cin            |s<23>          |   10.873|
cin            |s<24>          |   10.554|
cin            |s<25>          |   10.719|
cin            |s<26>          |   10.122|
cin            |s<27>          |   10.710|
cin            |s<28>          |    9.950|
cin            |s<29>          |   10.328|
cin            |s<30>          |   10.081|
cin            |s<31>          |   10.194|
---------------+---------------+---------+


Analysis completed Tue Mar 27 20:31:22 2018 
--------------------------------------------------------------------------------

Trace Settings:
-------------------------
Trace Settings 

Peak Memory Usage: 174 MB



