Release 14.5 - xst P.58f (nt64)
Copyright (c) 1995-2012 Xilinx, Inc.  All rights reserved.
--> Parameter TMPDIR set to xst/projnav.tmp


Total REAL time to Xst completion: 0.00 secs
Total CPU time to Xst completion: 0.17 secs
 
--> Parameter xsthdpdir set to xst


Total REAL time to Xst completion: 0.00 secs
Total CPU time to Xst completion: 0.17 secs
 
--> Reading design: ANTIRREBOTE.prj

TABLE OF CONTENTS
  1) Synthesis Options Summary
  2) HDL Parsing
  3) HDL Elaboration
  4) HDL Synthesis
       4.1) HDL Synthesis Report
  5) Advanced HDL Synthesis
       5.1) Advanced HDL Synthesis Report
  6) Low Level Synthesis
  7) Partition Report
  8) Design Summary
       8.1) Primitive and Black Box Usage
       8.2) Device utilization summary
       8.3) Partition Resource Summary
       8.4) Timing Report
            8.4.1) Clock Information
            8.4.2) Asynchronous Control Signals Information
            8.4.3) Timing Summary
            8.4.4) Timing Details
            8.4.5) Cross Clock Domains Report


=========================================================================
*                      Synthesis Options Summary                        *
=========================================================================
---- Source Parameters
Input File Name                    : "ANTIRREBOTE.prj"
Ignore Synthesis Constraint File   : NO

---- Target Parameters
Output File Name                   : "ANTIRREBOTE"
Output Format                      : NGC
Target Device                      : xc6slx45-3-csg324

---- Source Options
Top Module Name                    : ANTIRREBOTE
Automatic FSM Extraction           : YES
FSM Encoding Algorithm             : Auto
Safe Implementation                : No
FSM Style                          : LUT
RAM Extraction                     : Yes
RAM Style                          : Auto
ROM Extraction                     : Yes
Shift Register Extraction          : YES
ROM Style                          : Auto
Resource Sharing                   : YES
Asynchronous To Synchronous        : NO
Shift Register Minimum Size        : 2
Use DSP Block                      : Auto
Automatic Register Balancing       : No

---- Target Options
LUT Combining                      : Auto
Reduce Control Sets                : Auto
Add IO Buffers                     : YES
Global Maximum Fanout              : 100000
Add Generic Clock Buffer(BUFG)     : 16
Register Duplication               : YES
Optimize Instantiated Primitives   : NO
Use Clock Enable                   : Auto
Use Synchronous Set                : Auto
Use Synchronous Reset              : Auto
Pack IO Registers into IOBs        : Auto
Equivalent register Removal        : YES

---- General Options
Optimization Goal                  : Speed
Optimization Effort                : 1
Power Reduction                    : NO
Keep Hierarchy                     : No
Netlist Hierarchy                  : As_Optimized
RTL Output                         : Yes
Global Optimization                : AllClockNets
Read Cores                         : YES
Write Timing Constraints           : NO
Cross Clock Analysis               : NO
Hierarchy Separator                : /
Bus Delimiter                      : <>
Case Specifier                     : Maintain
Slice Utilization Ratio            : 100
BRAM Utilization Ratio             : 100
DSP48 Utilization Ratio            : 100
Auto BRAM Packing                  : NO
Slice Utilization Ratio Delta      : 5

=========================================================================


=========================================================================
*                          HDL Parsing                                  *
=========================================================================
Parsing VHDL file "C:\Users\Samuel\Desktop\cinvestav_1er_cuatri\Electrónica Digital\Unidad 1\Códigos VHDL\Spartan 6\Practica 3\Antirrebote.vhd" into library work
Parsing entity <ANTIRREBOTE>.
Parsing architecture <Behavioral> of entity <antirrebote>.

=========================================================================
*                            HDL Elaboration                            *
=========================================================================

Elaborating entity <ANTIRREBOTE> (architecture <Behavioral>) from library <work>.

=========================================================================
*                           HDL Synthesis                               *
=========================================================================

Synthesizing Unit <ANTIRREBOTE>.
    Related source file is "C:\Users\Samuel\Desktop\cinvestav_1er_cuatri\Electrónica Digital\Unidad 1\Códigos VHDL\Spartan 6\Practica 3\Antirrebote.vhd".
    Found 2-bit register for signal <CNT>.
    Found 2-bit adder for signal <CNT[1]_GND_5_o_add_1_OUT> created at line 33.
    Summary:
	inferred   1 Adder/Subtractor(s).
	inferred   2 D-type flip-flop(s).
Unit <ANTIRREBOTE> synthesized.

=========================================================================
HDL Synthesis Report

Macro Statistics
# Adders/Subtractors                                   : 1
 2-bit adder                                           : 1
# Registers                                            : 1
 2-bit register                                        : 1

=========================================================================

=========================================================================
*                       Advanced HDL Synthesis                          *
=========================================================================


Synthesizing (advanced) Unit <ANTIRREBOTE>.
The following registers are absorbed into counter <CNT>: 1 register on signal <CNT>.
Unit <ANTIRREBOTE> synthesized (advanced).

=========================================================================
Advanced HDL Synthesis Report

Macro Statistics
# Counters                                             : 1
 2-bit up counter                                      : 1

=========================================================================

=========================================================================
*                         Low Level Synthesis                           *
=========================================================================

Optimizing unit <ANTIRREBOTE> ...

Mapping all equations...
Building and optimizing final netlist ...
Found area constraint ratio of 100 (+ 5) on block ANTIRREBOTE, actual ratio is 0.

Final Macro Processing ...

=========================================================================
Final Register Report

Macro Statistics
# Registers                                            : 2
 Flip-Flops                                            : 2

=========================================================================

=========================================================================
*                           Partition Report                            *
=========================================================================

Partition Implementation Status
-------------------------------

  No Partitions were found in this design.

-------------------------------

=========================================================================
*                            Design Summary                             *
=========================================================================

Top Level Output File Name         : ANTIRREBOTE.ngc

Primitive and Black Box Usage:
------------------------------
# BELS                             : 4
#      INV                         : 1
#      LUT2                        : 2
#      LUT3                        : 1
# FlipFlops/Latches                : 2
#      FDC                         : 2
# Clock Buffers                    : 1
#      BUFGP                       : 1
# IO Buffers                       : 2
#      IBUF                        : 1
#      OBUF                        : 1

Device utilization summary:
---------------------------

Selected Device : 6slx45csg324-3 


Slice Logic Utilization: 
 Number of Slice Registers:               2  out of  54576     0%  
 Number of Slice LUTs:                    4  out of  27288     0%  
    Number used as Logic:                 4  out of  27288     0%  

Slice Logic Distribution: 
 Number of LUT Flip Flop pairs used:      6
   Number with an unused Flip Flop:       4  out of      6    66%  
   Number with an unused LUT:             2  out of      6    33%  
   Number of fully used LUT-FF pairs:     0  out of      6     0%  
   Number of unique control sets:         1

IO Utilization: 
 Number of IOs:                           3
 Number of bonded IOBs:                   3  out of    218     1%  

Specific Feature Utilization:
 Number of BUFG/BUFGCTRL/BUFHCEs:         1  out of     16     6%  

---------------------------
Partition Resource Summary:
---------------------------

  No Partitions were found in this design.

---------------------------


=========================================================================
Timing Report

NOTE: THESE TIMING NUMBERS ARE ONLY A SYNTHESIS ESTIMATE.
      FOR ACCURATE TIMING INFORMATION PLEASE REFER TO THE TRACE REPORT
      GENERATED AFTER PLACE-and-ROUTE.

Clock Information:
------------------
-----------------------------------+------------------------+-------+
Clock Signal                       | Clock buffer(FF name)  | Load  |
-----------------------------------+------------------------+-------+
CLK                                | BUFGP                  | 2     |
-----------------------------------+------------------------+-------+

Asynchronous Control Signals Information:
----------------------------------------
No asynchronous control signals found in this design

Timing Summary:
---------------
Speed Grade: -3

   Minimum period: 1.507ns (Maximum Frequency: 663.460MHz)
   Minimum input arrival time before clock: 3.091ns
   Maximum output required time after clock: 4.555ns
   Maximum combinational path delay: 5.422ns

Timing Details:
---------------
All values displayed in nanoseconds (ns)

=========================================================================
Timing constraint: Default period analysis for Clock 'CLK'
  Clock period: 1.507ns (frequency: 663.460MHz)
  Total number of paths / destination ports: 4 / 2
-------------------------------------------------------------------------
Delay:               1.507ns (Levels of Logic = 1)
  Source:            CNT_0 (FF)
  Destination:       CNT_0 (FF)
  Source Clock:      CLK rising
  Destination Clock: CLK rising

  Data Path: CNT_0 to CNT_0
                                Gate     Net
    Cell:in->out      fanout   Delay   Delay  Logical Name (Net Name)
    ----------------------------------------  ------------
     FDC:C->Q              3   0.447   0.755  CNT_0 (CNT_0)
     LUT2:I0->O            1   0.203   0.000  CNT_0_rstpot (CNT_0_rstpot)
     FDC:D                     0.102          CNT_0
    ----------------------------------------
    Total                      1.507ns (0.752ns logic, 0.755ns route)
                                       (49.9% logic, 50.1% route)

=========================================================================
Timing constraint: Default OFFSET IN BEFORE for Clock 'CLK'
  Total number of paths / destination ports: 2 / 2
-------------------------------------------------------------------------
Offset:              3.091ns (Levels of Logic = 2)
  Source:            CAPTURA (PAD)
  Destination:       CNT_0 (FF)
  Destination Clock: CLK rising

  Data Path: CAPTURA to CNT_0
                                Gate     Net
    Cell:in->out      fanout   Delay   Delay  Logical Name (Net Name)
    ----------------------------------------  ------------
     IBUF:I->O             2   1.222   0.616  CAPTURA_IBUF (CAPTURA_IBUF)
     INV:I->O              2   0.206   0.616  CAPTURA_inv1_INV_0 (CAPTURA_inv)
     FDC:CLR                   0.430          CNT_0
    ----------------------------------------
    Total                      3.091ns (1.858ns logic, 1.233ns route)
                                       (60.1% logic, 39.9% route)

=========================================================================
Timing constraint: Default OFFSET OUT AFTER for Clock 'CLK'
  Total number of paths / destination ports: 2 / 1
-------------------------------------------------------------------------
Offset:              4.555ns (Levels of Logic = 2)
  Source:            CNT_1 (FF)
  Destination:       CAP (PAD)
  Source Clock:      CLK rising

  Data Path: CNT_1 to CAP
                                Gate     Net
    Cell:in->out      fanout   Delay   Delay  Logical Name (Net Name)
    ----------------------------------------  ------------
     FDC:C->Q              3   0.447   0.755  CNT_1 (CNT_1)
     LUT3:I1->O            1   0.203   0.579  CAP1 (CAP_OBUF)
     OBUF:I->O                 2.571          CAP_OBUF (CAP)
    ----------------------------------------
    Total                      4.555ns (3.221ns logic, 1.334ns route)
                                       (70.7% logic, 29.3% route)

=========================================================================
Timing constraint: Default path analysis
  Total number of paths / destination ports: 1 / 1
-------------------------------------------------------------------------
Delay:               5.422ns (Levels of Logic = 3)
  Source:            CAPTURA (PAD)
  Destination:       CAP (PAD)

  Data Path: CAPTURA to CAP
                                Gate     Net
    Cell:in->out      fanout   Delay   Delay  Logical Name (Net Name)
    ----------------------------------------  ------------
     IBUF:I->O             2   1.222   0.845  CAPTURA_IBUF (CAPTURA_IBUF)
     LUT3:I0->O            1   0.205   0.579  CAP1 (CAP_OBUF)
     OBUF:I->O                 2.571          CAP_OBUF (CAP)
    ----------------------------------------
    Total                      5.422ns (3.998ns logic, 1.424ns route)
                                       (73.7% logic, 26.3% route)

=========================================================================

Cross Clock Domains Report:
--------------------------

Clock to Setup on destination clock CLK
---------------+---------+---------+---------+---------+
               | Src:Rise| Src:Fall| Src:Rise| Src:Fall|
Source Clock   |Dest:Rise|Dest:Rise|Dest:Fall|Dest:Fall|
---------------+---------+---------+---------+---------+
CLK            |    1.507|         |         |         |
---------------+---------+---------+---------+---------+

=========================================================================


Total REAL time to Xst completion: 9.00 secs
Total CPU time to Xst completion: 8.82 secs
 
--> 

Total memory usage is 257708 kilobytes

Number of errors   :    0 (   0 filtered)
Number of warnings :    0 (   0 filtered)
Number of infos    :    0 (   0 filtered)

