Running: C:\Xilinx\14.5\ISE_DS\ISE\bin\nt64\unwrapped\fuse.exe -intstyle ise -incremental -o C:/Users/Samuel/Desktop/Practicas_FPGa_nexys2/LCD_extra/LCD_tb_isim_beh.exe -prj C:/Users/Samuel/Desktop/Practicas_FPGa_nexys2/LCD_extra/LCD_tb_beh.prj work.LCD_tb 
ISim P.58f (signature 0x7708f090)
Number of CPUs detected in this system: 4
Turning on mult-threading, number of parallel sub-compilation jobs: 8 
Determining compilation order of HDL files
Parsing VHDL file "C:/Users/Samuel/Desktop/Practicas_FPGa_nexys2/LCD_extra/LCD_2.vhd" into library work
Parsing VHDL file "C:/Users/Samuel/Desktop/Practicas_FPGa_nexys2/LCD_extra/LCD_tb.vhd" into library work
Starting static elaboration
Completed static elaboration
Compiling package standard
Compiling package std_logic_1164
Compiling package std_logic_arith
Compiling package std_logic_unsigned
Compiling architecture behavioral of entity LCD [lcd_default]
Compiling architecture behavior of entity lcd_tb
Time Resolution for simulation is 1ps.
Waiting for 1 sub-compilation(s) to finish...
Compiled 7 VHDL Units
Built simulation executable C:/Users/Samuel/Desktop/Practicas_FPGa_nexys2/LCD_extra/LCD_tb_isim_beh.exe
Fuse Memory Usage: 33660 KB
Fuse CPU Usage: 577 ms
