--------------------------------------------------------------------------------
Release 14.5 Trace  (nt64)
Copyright (c) 1995-2012 Xilinx, Inc.  All rights reserved.

C:\Xilinx\14.5\ISE_DS\ISE\bin\nt64\unwrapped\trce.exe -intstyle ise -v 3 -s 3
-n 3 -fastpaths -xml multiplicador.twx multiplicador.ncd -o multiplicador.twr
multiplicador.pcf -ucf multiplicador.ucf

Design file:              multiplicador.ncd
Physical constraint file: multiplicador.pcf
Device,package,speed:     xc6slx45,csg324,C,-3 (PRODUCTION 1.23 2013-03-26)
Report level:             verbose report

Environment Variable      Effect 
--------------------      ------ 
NONE                      No environment variables were set
--------------------------------------------------------------------------------

INFO:Timing:2698 - No timing constraints found, doing default enumeration.
INFO:Timing:3412 - To improve timing, see the Timing Closure User Guide (UG612).
INFO:Timing:2752 - To get complete path coverage, use the unconstrained paths 
   option. All paths that are not constrained will be reported in the 
   unconstrained paths section(s) of the report.
INFO:Timing:3339 - The clock-to-out numbers in this timing report are based on 
   a 50 Ohm transmission line loading model.  For the details of this model, 
   and for more information on accounting for different loading conditions, 
   please see the device datasheet.



Data Sheet report:
-----------------
All values displayed in nanoseconds (ns)

Pad to Pad
---------------+---------------+---------+
Source Pad     |Destination Pad|  Delay  |
---------------+---------------+---------+
A<0>           |P<0>           |   12.053|
A<0>           |P<1>           |   16.460|
A<0>           |P<2>           |   18.838|
A<0>           |P<3>           |   19.546|
A<0>           |P<4>           |   19.753|
A<0>           |P<5>           |   26.438|
A<0>           |P<6>           |   20.451|
A<0>           |P<7>           |   21.417|
A<0>           |P<8>           |   21.626|
A<0>           |P<9>           |   21.715|
A<0>           |P<10>          |   21.850|
A<0>           |P<11>          |   22.265|
A<0>           |P<12>          |   22.415|
A<0>           |P<13>          |   22.554|
A<0>           |P<14>          |   22.766|
A<0>           |P<15>          |   22.772|
A<0>           |P<16>          |   22.860|
A<0>           |P<17>          |   22.939|
A<0>           |P<18>          |   23.234|
A<0>           |P<19>          |   23.134|
A<0>           |P<20>          |   23.254|
A<0>           |P<21>          |   23.358|
A<0>           |P<22>          |   23.543|
A<0>           |P<23>          |   23.847|
A<0>           |P<24>          |   23.765|
A<0>           |P<25>          |   23.914|
A<0>           |P<26>          |   24.034|
A<0>           |P<27>          |   23.853|
A<0>           |P<28>          |   23.795|
A<0>           |P<29>          |   24.153|
A<0>           |P<30>          |   24.051|
A<0>           |P<31>          |   24.055|
A<0>           |P<32>          |   24.179|
A<0>           |P<33>          |   24.105|
A<1>           |P<1>           |   16.473|
A<1>           |P<2>           |   18.762|
A<1>           |P<3>           |   19.694|
A<1>           |P<4>           |   19.841|
A<1>           |P<5>           |   26.537|
A<1>           |P<6>           |   20.232|
A<1>           |P<7>           |   21.198|
A<1>           |P<8>           |   21.407|
A<1>           |P<9>           |   21.496|
A<1>           |P<10>          |   21.631|
A<1>           |P<11>          |   21.380|
A<1>           |P<12>          |   21.530|
A<1>           |P<13>          |   21.669|
A<1>           |P<14>          |   21.881|
A<1>           |P<15>          |   21.887|
A<1>           |P<16>          |   21.975|
A<1>           |P<17>          |   22.054|
A<1>           |P<18>          |   22.349|
A<1>           |P<19>          |   22.249|
A<1>           |P<20>          |   22.369|
A<1>           |P<21>          |   22.473|
A<1>           |P<22>          |   22.658|
A<1>           |P<23>          |   22.962|
A<1>           |P<24>          |   22.880|
A<1>           |P<25>          |   23.029|
A<1>           |P<26>          |   23.149|
A<1>           |P<27>          |   22.968|
A<1>           |P<28>          |   22.910|
A<1>           |P<29>          |   23.268|
A<1>           |P<30>          |   23.166|
A<1>           |P<31>          |   23.170|
A<1>           |P<32>          |   23.294|
A<1>           |P<33>          |   23.220|
A<2>           |P<2>           |   19.050|
A<2>           |P<3>           |   19.982|
A<2>           |P<4>           |   20.129|
A<2>           |P<5>           |   26.432|
A<2>           |P<6>           |   20.076|
A<2>           |P<7>           |   21.042|
A<2>           |P<8>           |   21.251|
A<2>           |P<9>           |   21.340|
A<2>           |P<10>          |   21.475|
A<2>           |P<11>          |   21.661|
A<2>           |P<12>          |   21.811|
A<2>           |P<13>          |   21.950|
A<2>           |P<14>          |   22.162|
A<2>           |P<15>          |   22.168|
A<2>           |P<16>          |   22.260|
A<2>           |P<17>          |   22.339|
A<2>           |P<18>          |   22.642|
A<2>           |P<19>          |   22.542|
A<2>           |P<20>          |   22.662|
A<2>           |P<21>          |   22.766|
A<2>           |P<22>          |   22.951|
A<2>           |P<23>          |   23.255|
A<2>           |P<24>          |   23.173|
A<2>           |P<25>          |   23.322|
A<2>           |P<26>          |   23.442|
A<2>           |P<27>          |   23.261|
A<2>           |P<28>          |   23.212|
A<2>           |P<29>          |   23.561|
A<2>           |P<30>          |   23.489|
A<2>           |P<31>          |   23.493|
A<2>           |P<32>          |   23.617|
A<2>           |P<33>          |   23.543|
A<3>           |P<3>           |   14.270|
A<3>           |P<4>           |   14.417|
A<3>           |P<5>           |   20.440|
A<3>           |P<6>           |   16.055|
A<3>           |P<7>           |   17.021|
A<3>           |P<8>           |   17.230|
A<3>           |P<9>           |   17.319|
A<3>           |P<10>          |   17.454|
A<3>           |P<11>          |   17.061|
A<3>           |P<12>          |   17.211|
A<3>           |P<13>          |   17.350|
A<3>           |P<14>          |   17.562|
A<3>           |P<15>          |   17.568|
A<3>           |P<16>          |   17.524|
A<3>           |P<17>          |   17.599|
A<3>           |P<18>          |   17.738|
A<3>           |P<19>          |   17.659|
A<3>           |P<20>          |   17.628|
A<3>           |P<21>          |   17.728|
A<3>           |P<22>          |   17.878|
A<3>           |P<23>          |   18.182|
A<3>           |P<24>          |   18.100|
A<3>           |P<25>          |   18.249|
A<3>           |P<26>          |   18.368|
A<3>           |P<27>          |   18.187|
A<3>           |P<28>          |   18.129|
A<3>           |P<29>          |   18.487|
A<3>           |P<30>          |   18.357|
A<3>           |P<31>          |   18.361|
A<3>           |P<32>          |   18.485|
A<3>           |P<33>          |   18.411|
A<4>           |P<4>           |   14.128|
A<4>           |P<5>           |   20.279|
A<4>           |P<6>           |   13.872|
A<4>           |P<7>           |   16.918|
A<4>           |P<8>           |   17.127|
A<4>           |P<9>           |   17.216|
A<4>           |P<10>          |   17.351|
A<4>           |P<11>          |   16.958|
A<4>           |P<12>          |   17.108|
A<4>           |P<13>          |   17.247|
A<4>           |P<14>          |   17.459|
A<4>           |P<15>          |   17.465|
A<4>           |P<16>          |   17.421|
A<4>           |P<17>          |   17.496|
A<4>           |P<18>          |   17.635|
A<4>           |P<19>          |   17.556|
A<4>           |P<20>          |   17.525|
A<4>           |P<21>          |   17.625|
A<4>           |P<22>          |   17.775|
A<4>           |P<23>          |   18.079|
A<4>           |P<24>          |   17.997|
A<4>           |P<25>          |   18.146|
A<4>           |P<26>          |   18.265|
A<4>           |P<27>          |   18.084|
A<4>           |P<28>          |   18.026|
A<4>           |P<29>          |   18.384|
A<4>           |P<30>          |   18.293|
A<4>           |P<31>          |   18.297|
A<4>           |P<32>          |   18.430|
A<4>           |P<33>          |   18.347|
A<5>           |P<5>           |   20.187|
A<5>           |P<6>           |   13.823|
A<5>           |P<7>           |   14.913|
A<5>           |P<8>           |   16.337|
A<5>           |P<9>           |   16.785|
A<5>           |P<10>          |   17.584|
A<5>           |P<11>          |   17.292|
A<5>           |P<12>          |   17.442|
A<5>           |P<13>          |   17.581|
A<5>           |P<14>          |   17.793|
A<5>           |P<15>          |   17.799|
A<5>           |P<16>          |   17.755|
A<5>           |P<17>          |   17.830|
A<5>           |P<18>          |   17.969|
A<5>           |P<19>          |   17.890|
A<5>           |P<20>          |   17.912|
A<5>           |P<21>          |   18.016|
A<5>           |P<22>          |   18.201|
A<5>           |P<23>          |   18.505|
A<5>           |P<24>          |   18.443|
A<5>           |P<25>          |   18.596|
A<5>           |P<26>          |   18.750|
A<5>           |P<27>          |   18.569|
A<5>           |P<28>          |   18.511|
A<5>           |P<29>          |   18.869|
A<5>           |P<30>          |   18.768|
A<5>           |P<31>          |   18.772|
A<5>           |P<32>          |   18.896|
A<5>           |P<33>          |   18.822|
A<6>           |P<6>           |   13.728|
A<6>           |P<7>           |   14.818|
A<6>           |P<8>           |   15.027|
A<6>           |P<9>           |   16.487|
A<6>           |P<10>          |   17.289|
A<6>           |P<11>          |   16.997|
A<6>           |P<12>          |   17.147|
A<6>           |P<13>          |   17.286|
A<6>           |P<14>          |   17.498|
A<6>           |P<15>          |   17.559|
A<6>           |P<16>          |   17.696|
A<6>           |P<17>          |   17.775|
A<6>           |P<18>          |   17.949|
A<6>           |P<19>          |   17.870|
A<6>           |P<20>          |   17.935|
A<6>           |P<21>          |   18.039|
A<6>           |P<22>          |   18.224|
A<6>           |P<23>          |   18.528|
A<6>           |P<24>          |   18.466|
A<6>           |P<25>          |   18.619|
A<6>           |P<26>          |   18.773|
A<6>           |P<27>          |   18.592|
A<6>           |P<28>          |   18.534|
A<6>           |P<29>          |   18.892|
A<6>           |P<30>          |   18.791|
A<6>           |P<31>          |   18.795|
A<6>           |P<32>          |   18.919|
A<6>           |P<33>          |   18.845|
A<7>           |P<7>           |   14.663|
A<7>           |P<8>           |   14.872|
A<7>           |P<9>           |   14.961|
A<7>           |P<10>          |   16.870|
A<7>           |P<11>          |   16.647|
A<7>           |P<12>          |   16.797|
A<7>           |P<13>          |   16.936|
A<7>           |P<14>          |   17.148|
A<7>           |P<15>          |   17.328|
A<7>           |P<16>          |   17.465|
A<7>           |P<17>          |   17.544|
A<7>           |P<18>          |   17.718|
A<7>           |P<19>          |   17.639|
A<7>           |P<20>          |   17.704|
A<7>           |P<21>          |   17.808|
A<7>           |P<22>          |   17.993|
A<7>           |P<23>          |   18.297|
A<7>           |P<24>          |   18.235|
A<7>           |P<25>          |   18.388|
A<7>           |P<26>          |   18.542|
A<7>           |P<27>          |   18.361|
A<7>           |P<28>          |   18.303|
A<7>           |P<29>          |   18.661|
A<7>           |P<30>          |   18.560|
A<7>           |P<31>          |   18.564|
A<7>           |P<32>          |   18.688|
A<7>           |P<33>          |   18.614|
A<8>           |P<8>           |   13.289|
A<8>           |P<9>           |   13.604|
A<8>           |P<10>          |   14.013|
A<8>           |P<11>          |   15.970|
A<8>           |P<12>          |   16.120|
A<8>           |P<13>          |   16.259|
A<8>           |P<14>          |   16.471|
A<8>           |P<15>          |   16.630|
A<8>           |P<16>          |   16.767|
A<8>           |P<17>          |   16.846|
A<8>           |P<18>          |   17.020|
A<8>           |P<19>          |   16.941|
A<8>           |P<20>          |   17.006|
A<8>           |P<21>          |   17.110|
A<8>           |P<22>          |   17.295|
A<8>           |P<23>          |   17.599|
A<8>           |P<24>          |   17.537|
A<8>           |P<25>          |   17.690|
A<8>           |P<26>          |   17.844|
A<8>           |P<27>          |   17.663|
A<8>           |P<28>          |   17.711|
A<8>           |P<29>          |   18.073|
A<8>           |P<30>          |   17.986|
A<8>           |P<31>          |   17.990|
A<8>           |P<32>          |   18.124|
A<8>           |P<33>          |   18.040|
A<9>           |P<9>           |   13.801|
A<9>           |P<10>          |   14.441|
A<9>           |P<11>          |   14.182|
A<9>           |P<12>          |   15.965|
A<9>           |P<13>          |   16.188|
A<9>           |P<14>          |   16.508|
A<9>           |P<15>          |   17.108|
A<9>           |P<16>          |   17.245|
A<9>           |P<17>          |   17.324|
A<9>           |P<18>          |   17.498|
A<9>           |P<19>          |   17.419|
A<9>           |P<20>          |   17.484|
A<9>           |P<21>          |   17.588|
A<9>           |P<22>          |   17.773|
A<9>           |P<23>          |   18.077|
A<9>           |P<24>          |   18.106|
A<9>           |P<25>          |   18.259|
A<9>           |P<26>          |   18.413|
A<9>           |P<27>          |   18.232|
A<9>           |P<28>          |   18.174|
A<9>           |P<29>          |   18.532|
A<9>           |P<30>          |   18.431|
A<9>           |P<31>          |   18.435|
A<9>           |P<32>          |   18.559|
A<9>           |P<33>          |   18.485|
A<10>          |P<10>          |   13.862|
A<10>          |P<11>          |   13.603|
A<10>          |P<12>          |   13.753|
A<10>          |P<13>          |   13.892|
A<10>          |P<14>          |   14.104|
A<10>          |P<15>          |   14.145|
A<10>          |P<16>          |   14.282|
A<10>          |P<17>          |   14.361|
A<10>          |P<18>          |   14.664|
A<10>          |P<19>          |   14.564|
A<10>          |P<20>          |   15.043|
A<10>          |P<21>          |   15.616|
A<10>          |P<22>          |   16.080|
A<10>          |P<23>          |   16.366|
A<10>          |P<24>          |   16.465|
A<10>          |P<25>          |   16.618|
A<10>          |P<26>          |   16.832|
A<10>          |P<27>          |   17.012|
A<10>          |P<28>          |   17.135|
A<10>          |P<29>          |   17.497|
A<10>          |P<30>          |   17.410|
A<10>          |P<31>          |   17.414|
A<10>          |P<32>          |   17.615|
A<10>          |P<33>          |   17.522|
A<11>          |P<11>          |   13.364|
A<11>          |P<12>          |   13.514|
A<11>          |P<13>          |   13.653|
A<11>          |P<14>          |   13.865|
A<11>          |P<15>          |   13.871|
A<11>          |P<16>          |   13.827|
A<11>          |P<17>          |   13.903|
A<11>          |P<18>          |   14.280|
A<11>          |P<19>          |   14.180|
A<11>          |P<20>          |   14.300|
A<11>          |P<21>          |   15.942|
A<11>          |P<22>          |   16.406|
A<11>          |P<23>          |   16.692|
A<11>          |P<24>          |   16.791|
A<11>          |P<25>          |   16.944|
A<11>          |P<26>          |   17.098|
A<11>          |P<27>          |   17.160|
A<11>          |P<28>          |   17.283|
A<11>          |P<29>          |   17.645|
A<11>          |P<30>          |   17.558|
A<11>          |P<31>          |   17.562|
A<11>          |P<32>          |   17.762|
A<11>          |P<33>          |   17.669|
A<12>          |P<12>          |   12.274|
A<12>          |P<13>          |   12.595|
A<12>          |P<14>          |   12.866|
A<12>          |P<15>          |   13.347|
A<12>          |P<16>          |   13.559|
A<12>          |P<17>          |   13.656|
A<12>          |P<18>          |   14.132|
A<12>          |P<19>          |   14.032|
A<12>          |P<20>          |   14.152|
A<12>          |P<21>          |   14.256|
A<12>          |P<22>          |   16.003|
A<12>          |P<23>          |   16.333|
A<12>          |P<24>          |   16.432|
A<12>          |P<25>          |   16.585|
A<12>          |P<26>          |   16.993|
A<12>          |P<27>          |   17.233|
A<12>          |P<28>          |   17.356|
A<12>          |P<29>          |   17.718|
A<12>          |P<30>          |   17.631|
A<12>          |P<31>          |   17.635|
A<12>          |P<32>          |   17.835|
A<12>          |P<33>          |   17.742|
A<13>          |P<13>          |   12.599|
A<13>          |P<14>          |   12.870|
A<13>          |P<15>          |   13.286|
A<13>          |P<16>          |   13.561|
A<13>          |P<17>          |   13.658|
A<13>          |P<18>          |   14.134|
A<13>          |P<19>          |   14.034|
A<13>          |P<20>          |   14.154|
A<13>          |P<21>          |   14.258|
A<13>          |P<22>          |   14.443|
A<13>          |P<23>          |   16.141|
A<13>          |P<24>          |   16.240|
A<13>          |P<25>          |   16.393|
A<13>          |P<26>          |   16.799|
A<13>          |P<27>          |   17.039|
A<13>          |P<28>          |   17.162|
A<13>          |P<29>          |   17.524|
A<13>          |P<30>          |   17.437|
A<13>          |P<31>          |   17.441|
A<13>          |P<32>          |   17.641|
A<13>          |P<33>          |   17.548|
A<14>          |P<14>          |   12.569|
A<14>          |P<15>          |   14.558|
A<14>          |P<16>          |   14.954|
A<14>          |P<17>          |   15.066|
A<14>          |P<18>          |   15.527|
A<14>          |P<19>          |   15.692|
A<14>          |P<20>          |   15.842|
A<14>          |P<21>          |   15.946|
A<14>          |P<22>          |   16.355|
A<14>          |P<23>          |   16.638|
A<14>          |P<24>          |   16.707|
A<14>          |P<25>          |   17.007|
A<14>          |P<26>          |   17.538|
A<14>          |P<27>          |   17.778|
A<14>          |P<28>          |   17.901|
A<14>          |P<29>          |   18.263|
A<14>          |P<30>          |   18.176|
A<14>          |P<31>          |   18.180|
A<14>          |P<32>          |   18.380|
A<14>          |P<33>          |   18.287|
A<15>          |P<15>          |   12.965|
A<15>          |P<16>          |   15.007|
A<15>          |P<17>          |   15.119|
A<15>          |P<18>          |   15.580|
A<15>          |P<19>          |   15.745|
A<15>          |P<20>          |   15.895|
A<15>          |P<21>          |   15.999|
A<15>          |P<22>          |   16.408|
A<15>          |P<23>          |   16.691|
A<15>          |P<24>          |   16.760|
A<15>          |P<25>          |   16.913|
A<15>          |P<26>          |   17.299|
A<15>          |P<27>          |   17.697|
A<15>          |P<28>          |   17.820|
A<15>          |P<29>          |   18.182|
A<15>          |P<30>          |   18.196|
A<15>          |P<31>          |   18.179|
A<15>          |P<32>          |   18.445|
A<15>          |P<33>          |   18.352|
A<16>          |P<16>          |   13.207|
A<16>          |P<17>          |   14.108|
A<16>          |P<18>          |   14.665|
A<16>          |P<19>          |   15.109|
A<16>          |P<20>          |   15.259|
A<16>          |P<21>          |   15.363|
A<16>          |P<22>          |   15.772|
A<16>          |P<23>          |   16.210|
A<16>          |P<24>          |   16.309|
A<16>          |P<25>          |   16.462|
A<16>          |P<26>          |   16.722|
A<16>          |P<27>          |   16.962|
A<16>          |P<28>          |   17.085|
A<16>          |P<29>          |   17.447|
A<16>          |P<30>          |   17.473|
A<16>          |P<31>          |   17.456|
A<16>          |P<32>          |   17.722|
A<16>          |P<33>          |   17.629|
B<0>           |P<0>           |    9.148|
B<0>           |P<1>           |   10.047|
B<0>           |P<2>           |   12.246|
B<0>           |P<3>           |   13.153|
B<0>           |P<4>           |   13.300|
B<0>           |P<5>           |   19.323|
B<0>           |P<6>           |   12.692|
B<0>           |P<7>           |   13.620|
B<0>           |P<8>           |   13.829|
B<0>           |P<9>           |   13.918|
B<0>           |P<10>          |   14.053|
B<0>           |P<11>          |   13.660|
B<0>           |P<12>          |   13.810|
B<0>           |P<13>          |   13.949|
B<0>           |P<14>          |   14.161|
B<0>           |P<15>          |   14.167|
B<0>           |P<16>          |   14.123|
B<0>           |P<17>          |   14.198|
B<0>           |P<18>          |   14.337|
B<0>           |P<19>          |   14.258|
B<0>           |P<20>          |   14.227|
B<0>           |P<21>          |   14.327|
B<0>           |P<22>          |   14.483|
B<0>           |P<23>          |   14.781|
B<0>           |P<24>          |   14.835|
B<0>           |P<25>          |   14.988|
B<0>           |P<26>          |   15.142|
B<0>           |P<27>          |   14.961|
B<0>           |P<28>          |   14.957|
B<0>           |P<29>          |   15.319|
B<0>           |P<30>          |   15.232|
B<0>           |P<31>          |   15.236|
B<0>           |P<32>          |   15.369|
B<0>           |P<33>          |   15.286|
B<1>           |P<1>           |   10.529|
B<1>           |P<2>           |   12.730|
B<1>           |P<3>           |   13.615|
B<1>           |P<4>           |   13.762|
B<1>           |P<5>           |   19.785|
B<1>           |P<6>           |   13.147|
B<1>           |P<7>           |   14.070|
B<1>           |P<8>           |   14.279|
B<1>           |P<9>           |   14.368|
B<1>           |P<10>          |   14.503|
B<1>           |P<11>          |   14.110|
B<1>           |P<12>          |   14.260|
B<1>           |P<13>          |   14.399|
B<1>           |P<14>          |   14.611|
B<1>           |P<15>          |   14.617|
B<1>           |P<16>          |   14.573|
B<1>           |P<17>          |   14.648|
B<1>           |P<18>          |   14.787|
B<1>           |P<19>          |   14.784|
B<1>           |P<20>          |   14.934|
B<1>           |P<21>          |   15.038|
B<1>           |P<22>          |   15.447|
B<1>           |P<23>          |   15.730|
B<1>           |P<24>          |   15.799|
B<1>           |P<25>          |   15.952|
B<1>           |P<26>          |   16.138|
B<1>           |P<27>          |   16.015|
B<1>           |P<28>          |   16.138|
B<1>           |P<29>          |   16.500|
B<1>           |P<30>          |   16.413|
B<1>           |P<31>          |   16.417|
B<1>           |P<32>          |   16.550|
B<1>           |P<33>          |   16.467|
B<2>           |P<2>           |    9.819|
B<2>           |P<3>           |    9.608|
B<2>           |P<4>           |    9.767|
B<2>           |P<5>           |   15.767|
B<2>           |P<6>           |    8.928|
B<2>           |P<7>           |    8.154|
B<2>           |P<8>           |    8.282|
B<2>           |P<9>           |    8.348|
B<2>           |P<10>          |    8.516|
B<2>           |P<11>          |    8.109|
B<2>           |P<12>          |    8.129|
B<2>           |P<13>          |    8.245|
B<2>           |P<14>          |   12.016|
B<2>           |P<15>          |   12.763|
B<2>           |P<16>          |   12.909|
B<2>           |P<17>          |   13.006|
B<2>           |P<18>          |   13.482|
B<2>           |P<19>          |   13.382|
B<2>           |P<20>          |   13.502|
B<2>           |P<21>          |   13.606|
B<2>           |P<22>          |   13.791|
B<2>           |P<23>          |   14.095|
B<2>           |P<24>          |   14.013|
B<2>           |P<25>          |   14.162|
B<2>           |P<26>          |   14.429|
B<2>           |P<27>          |   14.227|
B<2>           |P<28>          |   14.339|
B<2>           |P<29>          |   14.682|
B<2>           |P<30>          |   14.616|
B<2>           |P<31>          |   14.620|
B<2>           |P<32>          |   14.744|
B<2>           |P<33>          |   14.670|
B<3>           |P<3>           |   17.065|
B<3>           |P<4>           |   17.333|
B<3>           |P<5>           |   24.038|
B<3>           |P<6>           |   17.682|
B<3>           |P<7>           |   18.648|
B<3>           |P<8>           |   18.857|
B<3>           |P<9>           |   18.946|
B<3>           |P<10>          |   19.081|
B<3>           |P<11>          |   18.688|
B<3>           |P<12>          |   18.838|
B<3>           |P<13>          |   18.977|
B<3>           |P<14>          |   19.189|
B<3>           |P<15>          |   19.325|
B<3>           |P<16>          |   19.538|
B<3>           |P<17>          |   19.635|
B<3>           |P<18>          |   20.111|
B<3>           |P<19>          |   20.011|
B<3>           |P<20>          |   20.131|
B<3>           |P<21>          |   20.235|
B<3>           |P<22>          |   20.420|
B<3>           |P<23>          |   20.724|
B<3>           |P<24>          |   20.642|
B<3>           |P<25>          |   20.791|
B<3>           |P<26>          |   21.061|
B<3>           |P<27>          |   20.859|
B<3>           |P<28>          |   20.971|
B<3>           |P<29>          |   21.314|
B<3>           |P<30>          |   21.248|
B<3>           |P<31>          |   21.252|
B<3>           |P<32>          |   21.376|
B<3>           |P<33>          |   21.302|
B<4>           |P<4>           |   14.393|
B<4>           |P<5>           |   21.078|
B<4>           |P<6>           |   14.722|
B<4>           |P<7>           |   15.688|
B<4>           |P<8>           |   15.897|
B<4>           |P<9>           |   15.986|
B<4>           |P<10>          |   16.121|
B<4>           |P<11>          |   15.728|
B<4>           |P<12>          |   15.878|
B<4>           |P<13>          |   16.017|
B<4>           |P<14>          |   16.229|
B<4>           |P<15>          |   16.235|
B<4>           |P<16>          |   16.191|
B<4>           |P<17>          |   16.266|
B<4>           |P<18>          |   16.405|
B<4>           |P<19>          |   16.326|
B<4>           |P<20>          |   16.295|
B<4>           |P<21>          |   16.395|
B<4>           |P<22>          |   16.545|
B<4>           |P<23>          |   16.849|
B<4>           |P<24>          |   16.767|
B<4>           |P<25>          |   16.916|
B<4>           |P<26>          |   17.035|
B<4>           |P<27>          |   16.854|
B<4>           |P<28>          |   16.796|
B<4>           |P<29>          |   17.154|
B<4>           |P<30>          |   17.024|
B<4>           |P<31>          |   17.028|
B<4>           |P<32>          |   17.152|
B<4>           |P<33>          |   17.078|
B<5>           |P<5>           |   20.088|
B<5>           |P<6>           |   14.592|
B<5>           |P<7>           |   15.558|
B<5>           |P<8>           |   15.767|
B<5>           |P<9>           |   15.856|
B<5>           |P<10>          |   15.991|
B<5>           |P<11>          |   15.598|
B<5>           |P<12>          |   15.748|
B<5>           |P<13>          |   15.887|
B<5>           |P<14>          |   16.099|
B<5>           |P<15>          |   16.105|
B<5>           |P<16>          |   16.061|
B<5>           |P<17>          |   16.136|
B<5>           |P<18>          |   16.275|
B<5>           |P<19>          |   16.196|
B<5>           |P<20>          |   16.165|
B<5>           |P<21>          |   16.265|
B<5>           |P<22>          |   16.415|
B<5>           |P<23>          |   16.719|
B<5>           |P<24>          |   16.637|
B<5>           |P<25>          |   16.786|
B<5>           |P<26>          |   16.905|
B<5>           |P<27>          |   16.724|
B<5>           |P<28>          |   16.666|
B<5>           |P<29>          |   17.024|
B<5>           |P<30>          |   16.894|
B<5>           |P<31>          |   16.898|
B<5>           |P<32>          |   17.022|
B<5>           |P<33>          |   16.948|
B<6>           |P<6>           |   14.160|
B<6>           |P<7>           |   15.126|
B<6>           |P<8>           |   15.335|
B<6>           |P<9>           |   15.424|
B<6>           |P<10>          |   15.559|
B<6>           |P<11>          |   15.166|
B<6>           |P<12>          |   15.316|
B<6>           |P<13>          |   15.455|
B<6>           |P<14>          |   15.667|
B<6>           |P<15>          |   15.673|
B<6>           |P<16>          |   15.629|
B<6>           |P<17>          |   15.704|
B<6>           |P<18>          |   15.843|
B<6>           |P<19>          |   15.764|
B<6>           |P<20>          |   15.733|
B<6>           |P<21>          |   15.833|
B<6>           |P<22>          |   15.983|
B<6>           |P<23>          |   16.287|
B<6>           |P<24>          |   16.205|
B<6>           |P<25>          |   16.354|
B<6>           |P<26>          |   16.473|
B<6>           |P<27>          |   16.292|
B<6>           |P<28>          |   16.234|
B<6>           |P<29>          |   16.592|
B<6>           |P<30>          |   16.462|
B<6>           |P<31>          |   16.466|
B<6>           |P<32>          |   16.590|
B<6>           |P<33>          |   16.516|
B<7>           |P<7>           |   10.041|
B<7>           |P<8>           |   10.924|
B<7>           |P<9>           |   11.884|
B<7>           |P<10>          |   12.290|
B<7>           |P<11>          |   13.280|
B<7>           |P<12>          |   13.430|
B<7>           |P<13>          |   13.569|
B<7>           |P<14>          |   13.781|
B<7>           |P<15>          |   13.787|
B<7>           |P<16>          |   13.875|
B<7>           |P<17>          |   13.954|
B<7>           |P<18>          |   14.249|
B<7>           |P<19>          |   14.149|
B<7>           |P<20>          |   14.269|
B<7>           |P<21>          |   14.373|
B<7>           |P<22>          |   14.558|
B<7>           |P<23>          |   14.862|
B<7>           |P<24>          |   14.780|
B<7>           |P<25>          |   14.929|
B<7>           |P<26>          |   15.049|
B<7>           |P<27>          |   14.868|
B<7>           |P<28>          |   14.810|
B<7>           |P<29>          |   15.168|
B<7>           |P<30>          |   15.066|
B<7>           |P<31>          |   15.070|
B<7>           |P<32>          |   15.194|
B<7>           |P<33>          |   15.120|
B<8>           |P<8>           |   10.889|
B<8>           |P<9>           |   11.851|
B<8>           |P<10>          |   12.257|
B<8>           |P<11>          |   13.247|
B<8>           |P<12>          |   13.397|
B<8>           |P<13>          |   13.536|
B<8>           |P<14>          |   13.748|
B<8>           |P<15>          |   13.754|
B<8>           |P<16>          |   13.842|
B<8>           |P<17>          |   13.921|
B<8>           |P<18>          |   14.216|
B<8>           |P<19>          |   14.116|
B<8>           |P<20>          |   14.236|
B<8>           |P<21>          |   14.340|
B<8>           |P<22>          |   14.525|
B<8>           |P<23>          |   14.829|
B<8>           |P<24>          |   14.747|
B<8>           |P<25>          |   14.896|
B<8>           |P<26>          |   15.016|
B<8>           |P<27>          |   14.835|
B<8>           |P<28>          |   14.777|
B<8>           |P<29>          |   15.135|
B<8>           |P<30>          |   15.033|
B<8>           |P<31>          |   15.037|
B<8>           |P<32>          |   15.161|
B<8>           |P<33>          |   15.087|
B<9>           |P<9>           |   12.131|
B<9>           |P<10>          |   12.537|
B<9>           |P<11>          |   13.527|
B<9>           |P<12>          |   13.677|
B<9>           |P<13>          |   13.816|
B<9>           |P<14>          |   14.028|
B<9>           |P<15>          |   14.034|
B<9>           |P<16>          |   14.122|
B<9>           |P<17>          |   14.201|
B<9>           |P<18>          |   14.496|
B<9>           |P<19>          |   14.396|
B<9>           |P<20>          |   14.516|
B<9>           |P<21>          |   14.620|
B<9>           |P<22>          |   14.805|
B<9>           |P<23>          |   15.109|
B<9>           |P<24>          |   15.027|
B<9>           |P<25>          |   15.176|
B<9>           |P<26>          |   15.296|
B<9>           |P<27>          |   15.115|
B<9>           |P<28>          |   15.160|
B<9>           |P<29>          |   15.503|
B<9>           |P<30>          |   15.437|
B<9>           |P<31>          |   15.441|
B<9>           |P<32>          |   15.600|
B<9>           |P<33>          |   15.514|
B<10>          |P<10>          |   14.689|
B<10>          |P<11>          |   14.397|
B<10>          |P<12>          |   14.547|
B<10>          |P<13>          |   14.686|
B<10>          |P<14>          |   14.898|
B<10>          |P<15>          |   14.987|
B<10>          |P<16>          |   15.124|
B<10>          |P<17>          |   15.203|
B<10>          |P<18>          |   15.377|
B<10>          |P<19>          |   15.298|
B<10>          |P<20>          |   15.363|
B<10>          |P<21>          |   15.467|
B<10>          |P<22>          |   15.652|
B<10>          |P<23>          |   15.956|
B<10>          |P<24>          |   15.874|
B<10>          |P<25>          |   16.023|
B<10>          |P<26>          |   16.177|
B<10>          |P<27>          |   15.996|
B<10>          |P<28>          |   15.938|
B<10>          |P<29>          |   16.296|
B<10>          |P<30>          |   16.195|
B<10>          |P<31>          |   16.199|
B<10>          |P<32>          |   16.323|
B<10>          |P<33>          |   16.249|
B<11>          |P<11>          |   14.180|
B<11>          |P<12>          |   14.330|
B<11>          |P<13>          |   14.469|
B<11>          |P<14>          |   14.681|
B<11>          |P<15>          |   15.012|
B<11>          |P<16>          |   15.149|
B<11>          |P<17>          |   15.228|
B<11>          |P<18>          |   15.402|
B<11>          |P<19>          |   15.323|
B<11>          |P<20>          |   15.388|
B<11>          |P<21>          |   15.492|
B<11>          |P<22>          |   15.677|
B<11>          |P<23>          |   15.981|
B<11>          |P<24>          |   15.899|
B<11>          |P<25>          |   16.048|
B<11>          |P<26>          |   16.202|
B<11>          |P<27>          |   16.021|
B<11>          |P<28>          |   15.963|
B<11>          |P<29>          |   16.321|
B<11>          |P<30>          |   16.220|
B<11>          |P<31>          |   16.224|
B<11>          |P<32>          |   16.348|
B<11>          |P<33>          |   16.274|
B<12>          |P<12>          |   13.533|
B<12>          |P<13>          |   13.756|
B<12>          |P<14>          |   14.076|
B<12>          |P<15>          |   14.676|
B<12>          |P<16>          |   14.813|
B<12>          |P<17>          |   14.892|
B<12>          |P<18>          |   15.066|
B<12>          |P<19>          |   14.987|
B<12>          |P<20>          |   15.111|
B<12>          |P<21>          |   15.215|
B<12>          |P<22>          |   15.494|
B<12>          |P<23>          |   15.777|
B<12>          |P<24>          |   15.846|
B<12>          |P<25>          |   15.999|
B<12>          |P<26>          |   16.153|
B<12>          |P<27>          |   15.972|
B<12>          |P<28>          |   15.914|
B<12>          |P<29>          |   16.272|
B<12>          |P<30>          |   16.171|
B<12>          |P<31>          |   16.175|
B<12>          |P<32>          |   16.299|
B<12>          |P<33>          |   16.225|
B<13>          |P<13>          |   14.328|
B<13>          |P<14>          |   14.627|
B<13>          |P<15>          |   15.227|
B<13>          |P<16>          |   15.364|
B<13>          |P<17>          |   15.443|
B<13>          |P<18>          |   15.637|
B<13>          |P<19>          |   15.540|
B<13>          |P<20>          |   15.690|
B<13>          |P<21>          |   15.794|
B<13>          |P<22>          |   16.073|
B<13>          |P<23>          |   16.356|
B<13>          |P<24>          |   16.425|
B<13>          |P<25>          |   16.578|
B<13>          |P<26>          |   16.732|
B<13>          |P<27>          |   16.551|
B<13>          |P<28>          |   16.493|
B<13>          |P<29>          |   16.851|
B<13>          |P<30>          |   16.750|
B<13>          |P<31>          |   16.754|
B<13>          |P<32>          |   16.898|
B<13>          |P<33>          |   16.805|
B<14>          |P<14>          |    9.100|
B<14>          |P<15>          |    9.085|
B<14>          |P<16>          |    9.170|
B<14>          |P<17>          |    9.233|
B<14>          |P<18>          |    9.411|
B<14>          |P<19>          |    9.332|
B<14>          |P<20>          |    9.358|
B<14>          |P<21>          |    9.446|
B<14>          |P<22>          |    9.635|
B<14>          |P<23>          |    9.939|
B<14>          |P<24>          |    9.857|
B<14>          |P<25>          |   10.006|
B<14>          |P<26>          |   10.125|
B<14>          |P<27>          |    9.944|
B<14>          |P<28>          |    9.935|
B<14>          |P<29>          |   10.281|
B<14>          |P<30>          |   10.190|
B<14>          |P<31>          |   10.194|
B<14>          |P<32>          |   10.318|
B<14>          |P<33>          |   10.244|
B<15>          |P<15>          |   14.386|
B<15>          |P<16>          |   14.779|
B<15>          |P<17>          |   14.891|
B<15>          |P<18>          |   15.352|
B<15>          |P<19>          |   15.517|
B<15>          |P<20>          |   15.667|
B<15>          |P<21>          |   15.771|
B<15>          |P<22>          |   16.180|
B<15>          |P<23>          |   16.463|
B<15>          |P<24>          |   16.532|
B<15>          |P<25>          |   16.685|
B<15>          |P<26>          |   16.869|
B<15>          |P<27>          |   16.746|
B<15>          |P<28>          |   16.869|
B<15>          |P<29>          |   17.231|
B<15>          |P<30>          |   17.144|
B<15>          |P<31>          |   17.148|
B<15>          |P<32>          |   17.281|
B<15>          |P<33>          |   17.198|
B<16>          |P<16>          |   14.150|
B<16>          |P<17>          |   14.262|
B<16>          |P<18>          |   14.723|
B<16>          |P<19>          |   15.189|
B<16>          |P<20>          |   15.339|
B<16>          |P<21>          |   15.443|
B<16>          |P<22>          |   15.852|
B<16>          |P<23>          |   16.135|
B<16>          |P<24>          |   16.204|
B<16>          |P<25>          |   16.357|
B<16>          |P<26>          |   16.511|
B<16>          |P<27>          |   16.330|
B<16>          |P<28>          |   16.323|
B<16>          |P<29>          |   16.685|
B<16>          |P<30>          |   16.598|
B<16>          |P<31>          |   16.602|
B<16>          |P<32>          |   16.735|
B<16>          |P<33>          |   16.652|
---------------+---------------+---------+


Analysis completed Sun Sep 16 15:10:37 2018 
--------------------------------------------------------------------------------

Trace Settings:
-------------------------
Trace Settings 

Peak Memory Usage: 261 MB



