#:C9     
#Xilinx FPGA Editor Command Log File
#Editor Version:
#:V   NT M2.1 P.58f
#Current Working Directory:
#:D   C:\Users\Samuel\Desktop\Practicas_FPGa_nexys2\multiplicacion_spartan6
#Date/Time:
#:T   Sun Sep 16 14:25:04 2018
#------------------------------
	#Reading multiplicador_map.ncd...
	#Loading device for application Rf_Device from file '6slx45.nph' in environment C:\Xilinx\14.5\ISE_DS\ISE\.
	#   "multiplicador" is an NCD, version 3.2, device xc6slx45, package csg324, speed -3
	#Design creation date: 2018.09.16.19.24.18
	#Building chip graphics...
	#Loading speed info...
	#1
setattr main edit-mode no-logic-changes
	#2
unselect -all
	#3
select site 'SLICE_X56Y61'
	#site "SLICE_X56Y61",  type = SLICEM  (RPM grid X153Y244)
	#4
unselect -all
	#5
select net 'A_11_IBUF'
	#net "A_11_IBUF"
	#6
unselect -all
	#7
select net 'A_11_IBUF'
	#net "A_11_IBUF"
	#8
post block
	#ERROR:FPGAEditor:79 - The "post block" command without any other arguments cannot
	#be performed unless the selection contains only a single site
	#or single component.  Change the selection and try again.
	#9
unselect -all
	#10
select comp 'Mmult_P'
