ISim log file
Running: C:\Users\Samuel\Desktop\Practicas_FPGa_nexys2\Mux\multiplexor_isim_beh.exe -intstyle ise -gui -tclbatch isim.cmd -wdb C:/Users/Samuel/Desktop/Practicas_FPGa_nexys2/Mux/multiplexor_isim_beh.wdb 
ISim P.58f (signature 0x7708f090)
This is a Full version of ISim.
Time resolution is 1 ps
# onerror resume
# wave add /
# run 1000 ns
Simulator is doing circuit initialization process.
Finished circuit initialization process.
# isim force add /multiplexor/a 1 -radix bin
# isim force add /multiplexor/a 1 -radix bin
# isim force add /multiplexor/b 0 -radix bin
# isim force add /multiplexor/b 0 -radix bin
# isim force add /multiplexor/c 1 -radix bin
# isim force add /multiplexor/c 1 -radix bin
# isim force add /multiplexor/sel 01 -radix bin
# isim force add /multiplexor/sel 01 -radix bin
# run 30 ns
# isim force add /multiplexor/sel 10 -radix bin
# isim force add /multiplexor/sel 10 -radix bin
# run 30 ns
# isim force add /multiplexor/sel 11 -radix bin
# isim force add /multiplexor/sel 11 -radix bin
# run 30 ns
