ISim log file
Running: C:\Users\Samuel\Desktop\Practicas_FPGa_nexys2\Decodificador\prog_decoficicador_isim_beh.exe -intstyle ise -gui -tclbatch isim.cmd -wdb C:/Users/Samuel/Desktop/Practicas_FPGa_nexys2/Decodificador/prog_decoficicador_isim_beh.wdb 
INFO: There is another simulation running in the same directory. Using database file name isim1.wdb.
ISim P.58f (signature 0x7708f090)
This is a Full version of ISim.
Time resolution is 1 ps
# onerror resume
# wave add /
# run 1000 ns
Simulator is doing circuit initialization process.
Finished circuit initialization process.
INFO: There is another simulation running in the same directory. Using database file name isim2.wdb.
ISim P.58f (signature 0x7708f090)
This is a Full version of ISim.
Time resolution is 1 ps
# onerror resume
# wave add /
# run 1000 ns
Simulator is doing circuit initialization process.
Finished circuit initialization process.
# isim force add /prog_decoficicador/in 001 -radix bin
# isim force add /prog_decoficicador/in 001 -radix bin
# run 20 ns
# isim force add /prog_decoficicador/in 010 -radix bin
# isim force add /prog_decoficicador/in 010 -radix bin
# run 20 ns
