Command line:
   Recepcion_tb_isim_par.exe
     -simmode  gui
     -sdfmax  /uut/=netgen/par/Recep_timesim.sdf
     -sdfroot  /uut
     -simrunnum  0
     -socket  59674

Wed Oct 03 19:02:02 2018


 Elaboration Time: 0.1092 sec

 Current Memory Usage: 519.631 Meg

 Total Signals          : 2445
 Total Nets             : 1727
 Total Signal Drivers   : 1409
 Total Blocks           : 452
 Total Primitive Blocks : 267
 Total Processes        : 1403
 Total Traceable Variables  : 3155
 Total Scalar Nets and Variables : 20321

 Total Simulation Time: 8.59565 sec

 Current Memory Usage: 519.631 Meg

Wed Oct 03 19:02:47 2018

