Running: C:\Xilinx\14.5\ISE_DS\ISE\bin\nt64\unwrapped\fuse.exe -intstyle ise -incremental -o C:/Users/Samuel/Desktop/Practicas_FPGa_nexys2/mealy/m_tb_isim_par.exe -prj C:/Users/Samuel/Desktop/Practicas_FPGa_nexys2/mealy/m_tb_par.prj work.m_tb 
ISim P.58f (signature 0x7708f090)
Number of CPUs detected in this system: 4
Turning on mult-threading, number of parallel sub-compilation jobs: 8 
Determining compilation order of HDL files
Parsing VHDL file "C:/Users/Samuel/Desktop/Practicas_FPGa_nexys2/mealy/netgen/par/MEALY_timesim.vhd" into library work
Parsing VHDL file "C:/Users/Samuel/Desktop/Practicas_FPGa_nexys2/mealy/m_tb.vhd" into library work
Starting static elaboration
Completed static elaboration
Compiling package standard
Compiling package std_logic_1164
Compiling package textio
Compiling package vital_timing
Compiling package vcomponents
Compiling package vital_primitives
Compiling package vpackage
Compiling architecture x_buf_v of entity X_BUF [\X_BUF(true,true,"UNPLACED",(0,0...]
Compiling architecture x_obuf_v of entity X_OBUF [\X_OBUF(true,true,"DONT_CARE",12...]
Compiling architecture x_bufgmux_v of entity X_BUFGMUX [\X_BUFGMUX(true,"*",true,false,"...]
Compiling architecture x_inv_v of entity X_INV [\X_INV(true,true,"BUFGMUX_X2Y10"...]
Compiling architecture x_lut4_v of entity X_LUT4 [\X_LUT4(true,true,"UNPLACED",(0,...]
Compiling architecture x_ff_v of entity X_FF [\X_FF(true,true,true,"UNPLACED",...]
Compiling architecture x_zero_v of entity X_ZERO [\X_ZERO("UNPLACED")(1,8)\]
Compiling architecture x_one_v of entity X_ONE [\X_ONE("UNPLACED")(1,8)\]
Compiling architecture x_roc_v of entity X_ROC [\X_ROC("UNPLACED",100000,"*")(1,...]
Compiling architecture x_toc_v of entity X_TOC [\X_TOC("UNPLACED",0,"*")(1,8,1,1...]
Compiling architecture structure of entity MEALY [mealy_default]
Compiling architecture behavior of entity m_tb
Time Resolution for simulation is 1ps.
Waiting for 9 sub-compilation(s) to finish...
Compiled 48 VHDL Units
Built simulation executable C:/Users/Samuel/Desktop/Practicas_FPGa_nexys2/mealy/m_tb_isim_par.exe
Fuse Memory Usage: 79088 KB
Fuse CPU Usage: 1154 ms
