Running: C:\Xilinx\14.5\ISE_DS\ISE\bin\nt64\unwrapped\fuse.exe -intstyle ise -incremental -o C:/Users/Samuel/Desktop/Practicas_FPGa_nexys2/dado/dado_sim_isim_beh.exe -prj C:/Users/Samuel/Desktop/Practicas_FPGa_nexys2/dado/dado_sim_beh.prj work.dado_sim 
ISim P.58f (signature 0x7708f090)
Number of CPUs detected in this system: 4
Turning on mult-threading, number of parallel sub-compilation jobs: 8 
Determining compilation order of HDL files
Parsing VHDL file "C:/Users/Samuel/Desktop/Practicas_FPGa_nexys2/dado/dado.vhd" into library work
Parsing VHDL file "C:/Users/Samuel/Desktop/Practicas_FPGa_nexys2/dado/dado_tb.vhd" into library work
Starting static elaboration
Completed static elaboration
Compiling package standard
Compiling package std_logic_1164
Compiling package std_logic_arith
Compiling package std_logic_unsigned
Compiling package numeric_std
Compiling architecture arq_dado of entity dado [dado_default]
Compiling architecture behavior of entity dado_sim
Time Resolution for simulation is 1ps.
Waiting for 1 sub-compilation(s) to finish...
Compiled 8 VHDL Units
Built simulation executable C:/Users/Samuel/Desktop/Practicas_FPGa_nexys2/dado/dado_sim_isim_beh.exe
Fuse Memory Usage: 36456 KB
Fuse CPU Usage: 576 ms
