Release 14.5 - xst P.58f (nt64)
Copyright (c) 1995-2012 Xilinx, Inc.  All rights reserved.
--> Parameter TMPDIR set to xst/projnav.tmp


Total REAL time to Xst completion: 0.00 secs
Total CPU time to Xst completion: 0.08 secs
 
--> Parameter xsthdpdir set to xst


Total REAL time to Xst completion: 0.00 secs
Total CPU time to Xst completion: 0.09 secs
 
--> Reading design: ADC.prj

TABLE OF CONTENTS
  1) Synthesis Options Summary
  2) HDL Compilation
  3) Design Hierarchy Analysis
  4) HDL Analysis
  5) HDL Synthesis
     5.1) HDL Synthesis Report
  6) Advanced HDL Synthesis
     6.1) Advanced HDL Synthesis Report
  7) Low Level Synthesis
  8) Partition Report
  9) Final Report
	9.1) Device utilization summary
	9.2) Partition Resource Summary
	9.3) TIMING REPORT


=========================================================================
*                      Synthesis Options Summary                        *
=========================================================================
---- Source Parameters
Input File Name                    : "ADC.prj"
Input Format                       : mixed
Ignore Synthesis Constraint File   : NO

---- Target Parameters
Output File Name                   : "ADC"
Output Format                      : NGC
Target Device                      : xc3s500e-4-fg320

---- Source Options
Top Module Name                    : ADC
Automatic FSM Extraction           : YES
FSM Encoding Algorithm             : Auto
Safe Implementation                : No
FSM Style                          : LUT
RAM Extraction                     : Yes
RAM Style                          : Auto
ROM Extraction                     : Yes
Mux Style                          : Auto
Decoder Extraction                 : YES
Priority Encoder Extraction        : Yes
Shift Register Extraction          : YES
Logical Shifter Extraction         : YES
XOR Collapsing                     : YES
ROM Style                          : Auto
Mux Extraction                     : Yes
Resource Sharing                   : YES
Asynchronous To Synchronous        : NO
Multiplier Style                   : Auto
Automatic Register Balancing       : No

---- Target Options
Add IO Buffers                     : YES
Global Maximum Fanout              : 500
Add Generic Clock Buffer(BUFG)     : 24
Register Duplication               : YES
Slice Packing                      : YES
Optimize Instantiated Primitives   : NO
Use Clock Enable                   : Yes
Use Synchronous Set                : Yes
Use Synchronous Reset              : Yes
Pack IO Registers into IOBs        : Auto
Equivalent register Removal        : YES

---- General Options
Optimization Goal                  : Speed
Optimization Effort                : 1
Keep Hierarchy                     : No
Netlist Hierarchy                  : As_Optimized
RTL Output                         : Yes
Global Optimization                : AllClockNets
Read Cores                         : YES
Write Timing Constraints           : NO
Cross Clock Analysis               : NO
Hierarchy Separator                : /
Bus Delimiter                      : <>
Case Specifier                     : Maintain
Slice Utilization Ratio            : 100
BRAM Utilization Ratio             : 100
Verilog 2001                       : YES
Auto BRAM Packing                  : NO
Slice Utilization Ratio Delta      : 5

=========================================================================


=========================================================================
*                          HDL Compilation                              *
=========================================================================
Compiling vhdl file "C:/Users/Samuel/Desktop/Practicas_FPGa_nexys2/Ventilador/ADC.vhd" in Library work.
Architecture adc_arq of Entity adc is up to date.

=========================================================================
*                     Design Hierarchy Analysis                         *
=========================================================================
Analyzing hierarchy for entity <ADC> in library <work> (architecture <adc_arq>).


=========================================================================
*                            HDL Analysis                               *
=========================================================================
Analyzing Entity <ADC> in library <work> (Architecture <adc_arq>).
INFO:Xst:1432 - Contents of array <conv> may be accessed with a negative index, causing simulation mismatch.
INFO:Xst:1433 - Contents of array <conv> may be accessed with an index that exceeds the array size. This could cause simulation mismatch.
WARNING:Xst:1610 - "C:/Users/Samuel/Desktop/Practicas_FPGa_nexys2/Ventilador/ADC.vhd" line 116: Width mismatch. <volt> has a width of 24 bits but assigned expression is 26-bit wide.
WARNING:Xst:1610 - "C:/Users/Samuel/Desktop/Practicas_FPGa_nexys2/Ventilador/ADC.vhd" line 119: Width mismatch. <volt> has a width of 24 bits but assigned expression is 26-bit wide.
Entity <ADC> analyzed. Unit <ADC> generated.


=========================================================================
*                           HDL Synthesis                               *
=========================================================================

Performing bidirectional port resolution...

Synthesizing Unit <ADC>.
    Related source file is "C:/Users/Samuel/Desktop/Practicas_FPGa_nexys2/Ventilador/ADC.vhd".
WARNING:Xst:646 - Signal <gan> is assigned but never used. This unconnected signal will be trimmed during the optimization process.
WARNING:Xst:646 - Signal <conv<33:16>> is assigned but never used. This unconnected signal will be trimmed during the optimization process.
WARNING:Xst:646 - Signal <conv<1:0>> is assigned but never used. This unconnected signal will be trimmed during the optimization process.
    Found finite state machine <FSM_0> for signal <sig_estado>.
    -----------------------------------------------------------------------
    | States             | 4                                              |
    | Transitions        | 9                                              |
    | Inputs             | 5                                              |
    | Outputs            | 6                                              |
    | Clock              | clk                       (rising_edge)        |
    | Reset              | rst                       (positive)           |
    | Reset type         | synchronous                                    |
    | Reset State        | inicio                                         |
    | Power Up State     | inicio                                         |
    | Encoding           | automatic                                      |
    | Implementation     | LUT                                            |
    -----------------------------------------------------------------------
WARNING:Xst:643 - "C:/Users/Samuel/Desktop/Practicas_FPGa_nexys2/Ventilador/ADC.vhd" line 119: The result of a 14x12-bit multiplication is partially used. Only the 24 least significant bits are used. If you are doing this on purpose, you may safely ignore this warning. Otherwise, make sure you are not losing information, leading to unexpected circuit behavior.
WARNING:Xst:643 - "C:/Users/Samuel/Desktop/Practicas_FPGa_nexys2/Ventilador/ADC.vhd" line 116: The result of a 14x12-bit multiplication is partially used. Only the 24 least significant bits are used. If you are doing this on purpose, you may safely ignore this warning. Otherwise, make sure you are not losing information, leading to unexpected circuit behavior.
    Found 1-bit register for signal <SPI_SCK>.
    Found 1-bit register for signal <SPI_MOSI>.
    Found 1-bit register for signal <AMP_CS>.
    Found 1-bit register for signal <AD_CONV>.
    Found 24-bit register for signal <volt>.
    Found 24-bit register for signal <volt1>.
    Found 32-bit comparator lessequal for signal <AD_CONV$cmp_le0000> created at line 85.
    Found 32-bit comparator less for signal <AD_CONV$cmp_lt0000> created at line 87.
    Found 32-bit register for signal <cnt>.
    Found 32-bit comparator less for signal <cnt$cmp_lt0000> created at line 63.
    Found 32-bit comparator less for signal <cnt$cmp_lt0001> created at line 64.
    Found 32-bit comparator less for signal <cnt$cmp_lt0002> created at line 66.
    Found 32-bit comparator less for signal <cnt$cmp_lt0003> created at line 94.
    Found 32-bit comparator less for signal <cnt$cmp_lt0004> created at line 96.
    Found 34-bit register for signal <conv>.
    Found 32-bit comparator greatequal for signal <conv_33$cmp_ge0000> created at line 94.
    Found 32-bit comparator greatequal for signal <conv_33$cmp_ge0001> created at line 84.
    Found 1-bit register for signal <enable>.
    Found 32-bit register for signal <i>.
    Found 32-bit adder for signal <i$share0000> created at line 45.
    Found 32-bit adder for signal <sig_estado$add0000> created at line 112.
    Found 32-bit comparator less for signal <sig_estado$cmp_lt0000> created at line 47.
    Found 32-bit comparator less for signal <sig_estado$cmp_lt0001> created at line 62.
    Found 32-bit comparator less for signal <sig_estado$cmp_lt0002> created at line 84.
    Found 32-bit comparator less for signal <sig_estado$cmp_lt0003> created at line 113.
    Found 14-bit register for signal <vnoc>.
    Found 32-bit comparator greatequal for signal <vnoc$cmp_ge0000> created at line 113.
    Found 14-bit comparator less for signal <volt$cmp_lt0000> created at line 115.
    Found 14x12-bit multiplier for signal <volt$mult0002> created at line 116.
    Found 14x12-bit multiplier for signal <volt$mult0003> created at line 119.
    Found 24-bit adder for signal <volt$mux0001>.
    Summary:
	inferred   1 Finite State Machine(s).
	inferred 165 D-type flip-flop(s).
	inferred   3 Adder/Subtractor(s).
	inferred   2 Multiplier(s).
	inferred  15 Comparator(s).
Unit <ADC> synthesized.

INFO:Xst:1767 - HDL ADVISOR - Resource sharing has identified that some arithmetic operations in this design can share the same physical resources for reduced device utilization. For improved clock frequency you may try to disable resource sharing.

=========================================================================
HDL Synthesis Report

Macro Statistics
# Multipliers                                          : 2
 14x12-bit multiplier                                  : 2
# Adders/Subtractors                                   : 3
 24-bit adder                                          : 1
 32-bit adder                                          : 2
# Registers                                            : 44
 1-bit register                                        : 39
 14-bit register                                       : 1
 24-bit register                                       : 2
 32-bit register                                       : 2
# Comparators                                          : 15
 14-bit comparator less                                : 1
 32-bit comparator greatequal                          : 3
 32-bit comparator less                                : 10
 32-bit comparator lessequal                           : 1

=========================================================================

=========================================================================
*                       Advanced HDL Synthesis                          *
=========================================================================

Analyzing FSM <FSM_0> for best encoding.
Optimizing FSM <sig_estado/FSM> on signal <sig_estado[1:2]> with gray encoding.
------------------------
 State      | Encoding
------------------------
 inicio     | 00
 config_gan | 01
 conversion | 11
 resultado  | 10
------------------------
WARNING:Xst:1426 - The value init of the FF/Latch enable hinder the constant cleaning in the block ADC.
   You should achieve better results by setting this init to 1.

Synthesizing (advanced) Unit <ADC>.
	Found pipelined multiplier on signal <volt_mult0003>:
		- 1 pipeline level(s) found in a register on signal <vnoc>.
		Pushing register(s) into the multiplier macro.
	Found pipelined multiplier on signal <volt_mult0002>:
		- 1 pipeline level(s) found in a register on signal <vnoc>.
		Pushing register(s) into the multiplier macro.
INFO:Xst:2385 - HDL ADVISOR - You can improve the performance of the multiplier Mmult_volt_mult0003 by adding 1 register level(s).
INFO:Xst:2385 - HDL ADVISOR - You can improve the performance of the multiplier Mmult_volt_mult0002 by adding 1 register level(s).
Unit <ADC> synthesized (advanced).

=========================================================================
Advanced HDL Synthesis Report

Macro Statistics
# FSMs                                                 : 1
# Multipliers                                          : 2
 14x12-bit registered multiplier                       : 2
# Adders/Subtractors                                   : 3
 24-bit adder                                          : 1
 32-bit adder                                          : 2
# Registers                                            : 145
 Flip-Flops                                            : 145
# Comparators                                          : 15
 14-bit comparator less                                : 1
 32-bit comparator greatequal                          : 3
 32-bit comparator less                                : 10
 32-bit comparator lessequal                           : 1

=========================================================================

=========================================================================
*                         Low Level Synthesis                           *
=========================================================================
WARNING:Xst:1426 - The value init of the FF/Latch enable hinder the constant cleaning in the block ADC.
   You should achieve better results by setting this init to 1.
WARNING:Xst:2677 - Node <vnoc_0> of sequential type is unconnected in block <ADC>.
WARNING:Xst:2677 - Node <vnoc_1> of sequential type is unconnected in block <ADC>.
WARNING:Xst:2677 - Node <vnoc_2> of sequential type is unconnected in block <ADC>.
WARNING:Xst:2677 - Node <vnoc_3> of sequential type is unconnected in block <ADC>.
WARNING:Xst:2677 - Node <vnoc_4> of sequential type is unconnected in block <ADC>.
WARNING:Xst:2677 - Node <vnoc_5> of sequential type is unconnected in block <ADC>.
WARNING:Xst:2677 - Node <vnoc_6> of sequential type is unconnected in block <ADC>.
WARNING:Xst:2677 - Node <vnoc_7> of sequential type is unconnected in block <ADC>.
WARNING:Xst:2677 - Node <vnoc_8> of sequential type is unconnected in block <ADC>.
WARNING:Xst:2677 - Node <vnoc_9> of sequential type is unconnected in block <ADC>.
WARNING:Xst:2677 - Node <vnoc_10> of sequential type is unconnected in block <ADC>.
WARNING:Xst:2677 - Node <vnoc_11> of sequential type is unconnected in block <ADC>.
WARNING:Xst:2677 - Node <vnoc_12> of sequential type is unconnected in block <ADC>.

Optimizing unit <ADC> ...

Mapping all equations...
Building and optimizing final netlist ...
Found area constraint ratio of 100 (+ 5) on block ADC, actual ratio is 4.

Final Macro Processing ...

=========================================================================
Final Register Report

Macro Statistics
# Registers                                            : 134
 Flip-Flops                                            : 134

=========================================================================

=========================================================================
*                           Partition Report                            *
=========================================================================

Partition Implementation Status
-------------------------------

  No Partitions were found in this design.

-------------------------------

=========================================================================
*                            Final Report                               *
=========================================================================
Final Results
RTL Top Level Output File Name     : ADC.ngr
Top Level Output File Name         : ADC
Output Format                      : NGC
Optimization Goal                  : Speed
Keep Hierarchy                     : No

Design Statistics
# IOs                              : 60

Cell Usage :
# BELS                             : 648
#      GND                         : 1
#      INV                         : 20
#      LUT1                        : 75
#      LUT2                        : 53
#      LUT2_L                      : 2
#      LUT3                        : 49
#      LUT3_D                      : 1
#      LUT4                        : 140
#      LUT4_D                      : 7
#      LUT4_L                      : 1
#      MUXCY                       : 205
#      MUXF5                       : 5
#      VCC                         : 1
#      XORCY                       : 88
# FlipFlops/Latches                : 134
#      FD                          : 33
#      FDE                         : 63
#      FDR                         : 33
#      FDRE                        : 1
#      FDRS                        : 1
#      FDS                         : 3
# Clock Buffers                    : 1
#      BUFGP                       : 1
# IO Buffers                       : 59
#      IBUF                        : 2
#      OBUF                        : 57
# MULTs                            : 2
#      MULT18X18SIO                : 2
=========================================================================

Device utilization summary:
---------------------------

Selected Device : 3s500efg320-4 

 Number of Slices:                      190  out of   4656     4%  
 Number of Slice Flip Flops:            134  out of   9312     1%  
 Number of 4 input LUTs:                348  out of   9312     3%  
 Number of IOs:                          60
 Number of bonded IOBs:                  60  out of    232    25%  
 Number of MULT18X18SIOs:                 2  out of     20    10%  
 Number of GCLKs:                         1  out of     24     4%  

---------------------------
Partition Resource Summary:
---------------------------

  No Partitions were found in this design.

---------------------------


=========================================================================
TIMING REPORT

NOTE: THESE TIMING NUMBERS ARE ONLY A SYNTHESIS ESTIMATE.
      FOR ACCURATE TIMING INFORMATION PLEASE REFER TO THE TRACE REPORT
      GENERATED AFTER PLACE-and-ROUTE.

Clock Information:
------------------
-----------------------------------+------------------------+-------+
Clock Signal                       | Clock buffer(FF name)  | Load  |
-----------------------------------+------------------------+-------+
clk                                | BUFGP                  | 136   |
-----------------------------------+------------------------+-------+

Asynchronous Control Signals Information:
----------------------------------------
No asynchronous control signals found in this design

Timing Summary:
---------------
Speed Grade: -4

   Minimum period: 12.935ns (Maximum Frequency: 77.310MHz)
   Minimum input arrival time before clock: 3.393ns
   Maximum output required time after clock: 4.496ns
   Maximum combinational path delay: 5.754ns

Timing Detail:
--------------
All values displayed in nanoseconds (ns)

=========================================================================
Timing constraint: Default period analysis for Clock 'clk'
  Clock period: 12.935ns (frequency: 77.310MHz)
  Total number of paths / destination ports: 486024 / 216
-------------------------------------------------------------------------
Delay:               12.935ns (Levels of Logic = 36)
  Source:            cnt_1 (FF)
  Destination:       cnt_0 (FF)
  Source Clock:      clk rising
  Destination Clock: clk rising

  Data Path: cnt_1 to cnt_0
                                Gate     Net
    Cell:in->out      fanout   Delay   Delay  Logical Name (Net Name)
    ----------------------------------------  ------------
     FDR:C->Q              1   0.591   0.595  cnt_1 (cnt_1)
     LUT1:I0->O            1   0.704   0.000  Madd_sig_estado_add0000_cy<1>_rt (Madd_sig_estado_add0000_cy<1>_rt)
     MUXCY:S->O            1   0.464   0.000  Madd_sig_estado_add0000_cy<1> (Madd_sig_estado_add0000_cy<1>)
     MUXCY:CI->O           1   0.059   0.000  Madd_sig_estado_add0000_cy<2> (Madd_sig_estado_add0000_cy<2>)
     MUXCY:CI->O           1   0.059   0.000  Madd_sig_estado_add0000_cy<3> (Madd_sig_estado_add0000_cy<3>)
     MUXCY:CI->O           1   0.059   0.000  Madd_sig_estado_add0000_cy<4> (Madd_sig_estado_add0000_cy<4>)
     MUXCY:CI->O           1   0.059   0.000  Madd_sig_estado_add0000_cy<5> (Madd_sig_estado_add0000_cy<5>)
     MUXCY:CI->O           1   0.059   0.000  Madd_sig_estado_add0000_cy<6> (Madd_sig_estado_add0000_cy<6>)
     MUXCY:CI->O           1   0.059   0.000  Madd_sig_estado_add0000_cy<7> (Madd_sig_estado_add0000_cy<7>)
     MUXCY:CI->O           1   0.059   0.000  Madd_sig_estado_add0000_cy<8> (Madd_sig_estado_add0000_cy<8>)
     MUXCY:CI->O           1   0.059   0.000  Madd_sig_estado_add0000_cy<9> (Madd_sig_estado_add0000_cy<9>)
     MUXCY:CI->O           1   0.059   0.000  Madd_sig_estado_add0000_cy<10> (Madd_sig_estado_add0000_cy<10>)
     MUXCY:CI->O           1   0.059   0.000  Madd_sig_estado_add0000_cy<11> (Madd_sig_estado_add0000_cy<11>)
     MUXCY:CI->O           1   0.059   0.000  Madd_sig_estado_add0000_cy<12> (Madd_sig_estado_add0000_cy<12>)
     MUXCY:CI->O           1   0.059   0.000  Madd_sig_estado_add0000_cy<13> (Madd_sig_estado_add0000_cy<13>)
     MUXCY:CI->O           1   0.059   0.000  Madd_sig_estado_add0000_cy<14> (Madd_sig_estado_add0000_cy<14>)
     MUXCY:CI->O           1   0.059   0.000  Madd_sig_estado_add0000_cy<15> (Madd_sig_estado_add0000_cy<15>)
     MUXCY:CI->O           1   0.059   0.000  Madd_sig_estado_add0000_cy<16> (Madd_sig_estado_add0000_cy<16>)
     MUXCY:CI->O           1   0.059   0.000  Madd_sig_estado_add0000_cy<17> (Madd_sig_estado_add0000_cy<17>)
     MUXCY:CI->O           1   0.059   0.000  Madd_sig_estado_add0000_cy<18> (Madd_sig_estado_add0000_cy<18>)
     MUXCY:CI->O           1   0.059   0.000  Madd_sig_estado_add0000_cy<19> (Madd_sig_estado_add0000_cy<19>)
     MUXCY:CI->O           1   0.059   0.000  Madd_sig_estado_add0000_cy<20> (Madd_sig_estado_add0000_cy<20>)
     MUXCY:CI->O           1   0.059   0.000  Madd_sig_estado_add0000_cy<21> (Madd_sig_estado_add0000_cy<21>)
     MUXCY:CI->O           1   0.059   0.000  Madd_sig_estado_add0000_cy<22> (Madd_sig_estado_add0000_cy<22>)
     MUXCY:CI->O           1   0.059   0.000  Madd_sig_estado_add0000_cy<23> (Madd_sig_estado_add0000_cy<23>)
     MUXCY:CI->O           1   0.059   0.000  Madd_sig_estado_add0000_cy<24> (Madd_sig_estado_add0000_cy<24>)
     MUXCY:CI->O           1   0.059   0.000  Madd_sig_estado_add0000_cy<25> (Madd_sig_estado_add0000_cy<25>)
     MUXCY:CI->O           1   0.059   0.000  Madd_sig_estado_add0000_cy<26> (Madd_sig_estado_add0000_cy<26>)
     MUXCY:CI->O           1   0.059   0.000  Madd_sig_estado_add0000_cy<27> (Madd_sig_estado_add0000_cy<27>)
     XORCY:CI->O           9   0.804   0.995  Madd_sig_estado_add0000_xor<28> (sig_estado_add0000<28>)
     LUT3:I0->O            1   0.704   0.000  Mcompar_sig_estado_cmp_lt0003_lut<9>2 (Mcompar_sig_estado_cmp_lt0003_lut<9>2)
     MUXCY:S->O            1   0.464   0.000  Mcompar_sig_estado_cmp_lt0003_cy<9>_1 (Mcompar_sig_estado_cmp_lt0003_cy<9>2)
     MUXCY:CI->O           3   0.459   0.706  Mcompar_sig_estado_cmp_lt0003_cy<10>_1 (Mcompar_sig_estado_cmp_lt0003_cy<10>2)
     LUT2_L:I0->LO         1   0.704   0.104  cnt_mux0011<0>1130_SW0 (N85)
     LUT4:I3->O            4   0.704   0.591  cnt_mux0011<0>1130 (cnt_mux0011<0>1130)
     LUT4_D:I3->O         15   0.704   1.096  cnt_mux0011<0>12 (N01)
     LUT2:I1->O            1   0.704   0.000  cnt_mux0011<22>1 (cnt_mux0011<22>)
     FDR:D                     0.308          cnt_9
    ----------------------------------------
    Total                     12.935ns (8.848ns logic, 4.087ns route)
                                       (68.4% logic, 31.6% route)

=========================================================================
Timing constraint: Default OFFSET IN BEFORE for Clock 'clk'
  Total number of paths / destination ports: 51 / 51
-------------------------------------------------------------------------
Offset:              3.393ns (Levels of Logic = 1)
  Source:            rst (PAD)
  Destination:       cnt_0 (FF)
  Destination Clock: clk rising

  Data Path: rst to cnt_0
                                Gate     Net
    Cell:in->out      fanout   Delay   Delay  Logical Name (Net Name)
    ----------------------------------------  ------------
     IBUF:I->O            38   1.218   1.264  rst_IBUF (AMP_SHDN_OBUF)
     FDR:R                     0.911          cnt_0
    ----------------------------------------
    Total                      3.393ns (2.129ns logic, 1.264ns route)
                                       (62.7% logic, 37.3% route)

=========================================================================
Timing constraint: Default OFFSET OUT AFTER for Clock 'clk'
  Total number of paths / destination ports: 52 / 52
-------------------------------------------------------------------------
Offset:              4.496ns (Levels of Logic = 1)
  Source:            SPI_SCK (FF)
  Destination:       SPI_SCK (PAD)
  Source Clock:      clk rising

  Data Path: SPI_SCK to SPI_SCK
                                Gate     Net
    Cell:in->out      fanout   Delay   Delay  Logical Name (Net Name)
    ----------------------------------------  ------------
     FDS:C->Q              5   0.591   0.633  SPI_SCK (SPI_SCK_OBUF)
     OBUF:I->O                 3.272          SPI_SCK_OBUF (SPI_SCK)
    ----------------------------------------
    Total                      4.496ns (3.863ns logic, 0.633ns route)
                                       (85.9% logic, 14.1% route)

=========================================================================
Timing constraint: Default path analysis
  Total number of paths / destination ports: 1 / 1
-------------------------------------------------------------------------
Delay:               5.754ns (Levels of Logic = 2)
  Source:            rst (PAD)
  Destination:       AMP_SHDN (PAD)

  Data Path: rst to AMP_SHDN
                                Gate     Net
    Cell:in->out      fanout   Delay   Delay  Logical Name (Net Name)
    ----------------------------------------  ------------
     IBUF:I->O            38   1.218   1.264  rst_IBUF (AMP_SHDN_OBUF)
     OBUF:I->O                 3.272          AMP_SHDN_OBUF (AMP_SHDN)
    ----------------------------------------
    Total                      5.754ns (4.490ns logic, 1.264ns route)
                                       (78.0% logic, 22.0% route)

=========================================================================


Total REAL time to Xst completion: 6.00 secs
Total CPU time to Xst completion: 6.44 secs
 
--> 

Total memory usage is 281028 kilobytes

Number of errors   :    0 (   0 filtered)
Number of warnings :   22 (   0 filtered)
Number of infos    :    5 (   0 filtered)

