Running: C:\Xilinx\14.5\ISE_DS\ISE\bin\nt64\unwrapped\fuse.exe -intstyle ise -incremental -o C:/Users/Samuel/Desktop/Practicas_FPGa_nexys2/Ventilador/prueba_isim_beh.exe -prj C:/Users/Samuel/Desktop/Practicas_FPGa_nexys2/Ventilador/prueba_beh.prj work.prueba 
ISim P.58f (signature 0x7708f090)
Number of CPUs detected in this system: 4
Turning on mult-threading, number of parallel sub-compilation jobs: 8 
Determining compilation order of HDL files
Parsing VHDL file "C:/Users/Samuel/Desktop/Practicas_FPGa_nexys2/Ventilador/PWM.vhd" into library work
Parsing VHDL file "C:/Users/Samuel/Desktop/Practicas_FPGa_nexys2/Ventilador/Modulos.vhd" into library work
Parsing VHDL file "C:/Users/Samuel/Desktop/Practicas_FPGa_nexys2/Ventilador/LCD.vhd" into library work
Parsing VHDL file "C:/Users/Samuel/Desktop/Practicas_FPGa_nexys2/Ventilador/BCD.vhd" into library work
Parsing VHDL file "C:/Users/Samuel/Desktop/Practicas_FPGa_nexys2/Ventilador/ADC.vhd" into library work
Parsing VHDL file "C:/Users/Samuel/Desktop/Practicas_FPGa_nexys2/Ventilador/Ventilador1.vhd" into library work
Parsing VHDL file "C:/Users/Samuel/Desktop/Practicas_FPGa_nexys2/Ventilador/prueba.vhd" into library work
Starting static elaboration
Completed static elaboration
Compiling package standard
Compiling package std_logic_1164
Compiling package std_logic_arith
Compiling package std_logic_unsigned
Compiling package modulos
Compiling architecture adc_arq of entity ADC [adc_default]
Compiling architecture arq_pwm of entity PWM [pwm_default]
Compiling architecture arq_convertidor of entity Convertidor [\Convertidor(24,28)\]
Compiling architecture behavioral of entity LCD [lcd_default]
Compiling architecture arq_ventilador of entity Ventilador [ventilador_default]
Compiling architecture behavior of entity prueba
Time Resolution for simulation is 1ps.
Waiting for 3 sub-compilation(s) to finish...
Compiled 16 VHDL Units
Built simulation executable C:/Users/Samuel/Desktop/Practicas_FPGa_nexys2/Ventilador/prueba_isim_beh.exe
Fuse Memory Usage: 34004 KB
Fuse CPU Usage: 967 ms
