--------------------------------------------------------------------------------
Release 14.5 Trace  (nt64)
Copyright (c) 1995-2012 Xilinx, Inc.  All rights reserved.

C:\Xilinx\14.5\ISE_DS\ISE\bin\nt64\unwrapped\trce.exe -intstyle ise -v 3 -s 4
-n 3 -fastpaths -xml Ventilador.twx Ventilador.ncd -o Ventilador.twr
Ventilador.pcf -ucf Ventilador.ucf

Design file:              Ventilador.ncd
Physical constraint file: Ventilador.pcf
Device,package,speed:     xc3s500e,fg320,-4 (PRODUCTION 1.27 2013-03-26)
Report level:             verbose report

Environment Variable      Effect 
--------------------      ------ 
NONE                      No environment variables were set
--------------------------------------------------------------------------------

INFO:Timing:2698 - No timing constraints found, doing default enumeration.
INFO:Timing:3412 - To improve timing, see the Timing Closure User Guide (UG612).
INFO:Timing:2752 - To get complete path coverage, use the unconstrained paths 
   option. All paths that are not constrained will be reported in the 
   unconstrained paths section(s) of the report.
INFO:Timing:3339 - The clock-to-out numbers in this timing report are based on 
   a 50 Ohm transmission line loading model.  For the details of this model, 
   and for more information on accounting for different loading conditions, 
   please see the device datasheet.
INFO:Timing:3390 - This architecture does not support a default System Jitter 
   value, please add SYSTEM_JITTER constraint to the UCF to modify the Clock 
   Uncertainty calculation.
INFO:Timing:3389 - This architecture does not support 'Discrete Jitter' and 
   'Phase Error' calculations, these terms will be zero in the Clock 
   Uncertainty calculation.  Please make appropriate modification to 
   SYSTEM_JITTER to account for the unsupported Discrete Jitter and Phase 
   Error.



Data Sheet report:
-----------------
All values displayed in nanoseconds (ns)

Setup/Hold to clock clk
------------+------------+------------+------------------+--------+
            |Max Setup to|Max Hold to |                  | Clock  |
Source      | clk (edge) | clk (edge) |Internal Clock(s) | Phase  |
------------+------------+------------+------------------+--------+
SPI_MISO    |    2.669(R)|    0.008(R)|clk_BUFGP         |   0.000|
rst         |    6.368(R)|   -0.643(R)|clk_BUFGP         |   0.000|
------------+------------+------------+------------------+--------+

Clock clk to Pad
------------+------------+------------------+--------+
            | clk (edge) |                  | Clock  |
Destination |   to PAD   |Internal Clock(s) | Phase  |
------------+------------+------------------+--------+
AD_CONV     |   11.145(R)|clk_BUFGP         |   0.000|
AMP_CS      |    9.489(R)|clk_BUFGP         |   0.000|
DATA<0>     |   10.473(R)|clk_BUFGP         |   0.000|
DATA<1>     |    9.920(R)|clk_BUFGP         |   0.000|
DATA<2>     |   10.400(R)|clk_BUFGP         |   0.000|
DATA<3>     |   11.084(R)|clk_BUFGP         |   0.000|
LCD_E       |    9.325(R)|clk_BUFGP         |   0.000|
LCD_RS      |    9.365(R)|clk_BUFGP         |   0.000|
SPI_MOSI    |    9.418(R)|clk_BUFGP         |   0.000|
SPI_SCK     |   11.080(R)|clk_BUFGP         |   0.000|
------------+------------+------------------+--------+

Clock to Setup on destination clock clk
---------------+---------+---------+---------+---------+
               | Src:Rise| Src:Fall| Src:Rise| Src:Fall|
Source Clock   |Dest:Rise|Dest:Rise|Dest:Fall|Dest:Fall|
---------------+---------+---------+---------+---------+
clk            |   46.239|         |         |         |
---------------+---------+---------+---------+---------+

Pad to Pad
---------------+---------------+---------+
Source Pad     |Destination Pad|  Delay  |
---------------+---------------+---------+
rst            |AMP_SHDN       |    9.106|
---------------+---------------+---------+


Analysis completed Tue Oct 16 22:00:49 2018 
--------------------------------------------------------------------------------

Trace Settings:
-------------------------
Trace Settings 

Peak Memory Usage: 196 MB



