Release 14.5 Map P.58f (nt64)
Xilinx Mapping Report File for Design 'Ventilador'

Design Information
------------------
Command Line   : map -intstyle ise -p xc3s500e-fg320-4 -cm area -ir off -pr off
-c 100 -o Ventilador_map.ncd Ventilador.ngd Ventilador.pcf 
Target Device  : xc3s500e
Target Package : fg320
Target Speed   : -4
Mapper Version : spartan3e -- $Revision: 1.55 $
Mapped Date    : Wed Oct 17 12:31:31 2018

Design Summary
--------------
Number of errors:      0
Number of warnings:    4
Logic Utilization:
  Number of Slice Flip Flops:           225 out of   9,312    2%
  Number of 4 input LUTs:             2,248 out of   9,312   24%
Logic Distribution:
  Number of occupied Slices:          1,269 out of   4,656   27%
    Number of Slices containing only related logic:   1,269 out of   1,269 100%
    Number of Slices containing unrelated logic:          0 out of   1,269   0%
      *See NOTES below for an explanation of the effects of unrelated logic.
  Total Number of 4 input LUTs:       2,393 out of   9,312   25%
    Number used as logic:             2,248
    Number used as a route-thru:        145

  The Slice Logic Distribution report is not meaningful if the design is
  over-mapped for a non-slice resource or if Placement fails.

  Number of bonded IOBs:                 20 out of     232    8%
  Number of BUFGMUXs:                     2 out of      24    8%
  Number of MULT18X18SIOs:                2 out of      20   10%

Average Fanout of Non-Clock Nets:                4.49

Peak Memory Usage:  269 MB
Total REAL time to MAP completion:  3 secs 
Total CPU time to MAP completion:   3 secs 

NOTES:

   Related logic is defined as being logic that shares connectivity - e.g. two
   LUTs are "related" if they share common inputs.  When assembling slices,
   Map gives priority to combine logic that is related.  Doing so results in
   the best timing performance.

   Unrelated logic shares no connectivity.  Map will only begin packing
   unrelated logic into a slice once 99% of the slices are occupied through
   related logic packing.

   Note that once logic distribution reaches the 99% level through related
   logic packing, this does not mean the device is completely utilized.
   Unrelated logic packing will then begin, continuing until all usable LUTs
   and FFs are occupied.  Depending on your timing budget, increased levels of
   unrelated logic packing may adversely affect the overall timing performance
   of your design.

Table of Contents
-----------------
Section 1 - Errors
Section 2 - Warnings
Section 3 - Informational
Section 4 - Removed Logic Summary
Section 5 - Removed Logic
Section 6 - IOB Properties
Section 7 - RPMs
Section 8 - Guide Report
Section 9 - Area Group and Partition Summary
Section 10 - Timing Report
Section 11 - Configuration String Information
Section 12 - Control Set Information
Section 13 - Utilization by Hierarchy

Section 1 - Errors
------------------

Section 2 - Warnings
--------------------
WARNING:Pack:266 - The function generator MODULO_4/Mrom__varindex0000621_6
   failed to merge with F5 multiplexer MODULO_4/Mrom__varindex0000381_5_f5. 
   There is a conflict for the FXMUX.  The design will exhibit suboptimal
   timing.
WARNING:Pack:266 - The function generator MODULO_4/Mrom__varindex0000881_6
   failed to merge with F5 multiplexer MODULO_4/Mrom__varindex0000831_5_f5. 
   There is a conflict for the FXMUX.  The design will exhibit suboptimal
   timing.
WARNING:Pack:266 - The function generator MODULO_4/Mrom__varindex0000961_6
   failed to merge with F5 multiplexer MODULO_4/Mrom__varindex0000921_5_f5. 
   There is a conflict for the FXMUX.  The design will exhibit suboptimal
   timing.
WARNING:Pack:266 - The function generator MODULO_4/DATA_mux0005<2>731 failed to
   merge with F5 multiplexer MODULO_4/DATA_mux0005<2>697_SW1.  There is a
   conflict for the FXMUX.  The design will exhibit suboptimal timing.

Section 3 - Informational
-------------------------
INFO:MapLib:562 - No environment variables are currently set.
INFO:LIT:244 - All of the single ended outputs in this design are using slew
   rate limited output drivers. The delay on speed critical single ended outputs
   can be dramatically reduced by designating them as fast outputs.

Section 4 - Removed Logic Summary
---------------------------------
   2 block(s) optimized away

Section 5 - Removed Logic
-------------------------

Optimized Block(s):
TYPE 		BLOCK
GND 		XST_GND
VCC 		XST_VCC

To enable printing of redundant blocks removed and signals merged, set the
detailed map report option and rerun map.

Section 6 - IOB Properties
--------------------------

+---------------------------------------------------------------------------------------------------------------------------------------------------------+
| IOB Name                           | Type             | Direction | IO Standard          | Diff  | Drive    | Slew | Reg (s)      | Resistor | IOB      |
|                                    |                  |           |                      | Term  | Strength | Rate |              |          | Delay    |
+---------------------------------------------------------------------------------------------------------------------------------------------------------+
| AD_CONV                            | IOB              | OUTPUT    | LVCMOS33             |       | 6        | SLOW |              |          | 0 / 0    |
| AMP_CS                             | IOB              | OUTPUT    | LVCMOS33             |       | 6        | SLOW |              |          | 0 / 0    |
| AMP_SHDN                           | IOB              | OUTPUT    | LVCMOS33             |       | 6        | SLOW |              |          | 0 / 0    |
| DATA<0>                            | IOB              | OUTPUT    | LVCMOS33             |       | 4        | SLOW |              |          | 0 / 0    |
| DATA<1>                            | IOB              | OUTPUT    | LVCMOS33             |       | 4        | SLOW |              |          | 0 / 0    |
| DATA<2>                            | IOB              | OUTPUT    | LVCMOS33             |       | 4        | SLOW |              |          | 0 / 0    |
| DATA<3>                            | IOB              | OUTPUT    | LVCMOS33             |       | 4        | SLOW |              |          | 0 / 0    |
| DIS_SIG<0>                         | IOB              | OUTPUT    | LVCMOS33             |       | 8        | SLOW |              |          | 0 / 0    |
| DIS_SIG<1>                         | IOB              | OUTPUT    | LVCMOS33             |       | 4        | SLOW |              |          | 0 / 0    |
| DIS_SIG<2>                         | IOB              | OUTPUT    | LVCMOS33             |       | 8        | SLOW |              |          | 0 / 0    |
| DIS_SIG<3>                         | IOB              | OUTPUT    | LVCMOS33             |       | 6        | SLOW |              |          | 0 / 0    |
| LCD_E                              | IOB              | OUTPUT    | LVCMOS33             |       | 4        | SLOW |              |          | 0 / 0    |
| LCD_RS                             | IOB              | OUTPUT    | LVCMOS33             |       | 4        | SLOW |              |          | 0 / 0    |
| LCD_RW                             | IOB              | OUTPUT    | LVCMOS33             |       | 4        | SLOW |              |          | 0 / 0    |
| SPI_MISO                           | IBUF             | INPUT     | LVCMOS33             |       |          |      |              |          | 0 / 0    |
| SPI_MOSI                           | IOB              | OUTPUT    | LVCMOS33             |       | 6        | SLOW |              |          | 0 / 0    |
| SPI_SCK                            | IOB              | OUTPUT    | LVCMOS33             |       | 8        | SLOW |              |          | 0 / 0    |
| clk                                | IBUF             | INPUT     | LVCMOS33             |       |          |      |              |          | 0 / 0    |
| pwm_servo                          | IOB              | OUTPUT    | LVTTL                |       | 12       | SLOW |              |          | 0 / 0    |
| rst                                | IBUF             | INPUT     | LVTTL                |       |          |      |              | PULLDOWN | 0 / 0    |
+---------------------------------------------------------------------------------------------------------------------------------------------------------+

Section 7 - RPMs
----------------

Section 8 - Guide Report
------------------------
Guide not run on this design.

Section 9 - Area Group and Partition Summary
--------------------------------------------

Partition Implementation Status
-------------------------------

  No Partitions were found in this design.

-------------------------------

Area Group Information
----------------------

  No area groups were found in this design.

----------------------

Section 10 - Timing Report
--------------------------
This design was not run using timing mode.

Section 11 - Configuration String Details
-----------------------------------------
Use the "-detail" map option to print out Configuration Strings

Section 12 - Control Set Information
------------------------------------
No control set information for this architecture.

Section 13 - Utilization by Hierarchy
-------------------------------------
Use the "-detail" map option to print out the Utilization by Hierarchy section.
